#
# There is insufficient memory for the Java Runtime Environment to continue.
# Native memory allocation (mmap) failed to map 134217728 bytes for G1 virtual space
# Possible reasons:
#   The system is out of physical RAM or swap space
#   The process is running with CompressedOops enabled, and the Java Heap may be blocking the growth of the native heap
# Possible solutions:
#   Reduce memory load on the system
#   Increase physical memory or swap space
#   Check if swap backing store is full
#   Decrease Java heap size (-Xmx/-Xms)
#   Decrease number of Java threads
#   Decrease Java thread stack sizes (-Xss)
#   Set larger code cache with -XX:ReservedCodeCacheSize=
#   JVM is running with Unscaled Compressed Oops mode in which the Java heap is
#     placed in the first 4GB address space. The Java Heap base address is the
#     maximum limit for the native heap growth. Please use -XX:HeapBaseMinAddress
#     to set the Java Heap base and to place the Java Heap above 4GB virtual address.
# This output file may be truncated or incomplete.
#
#  Out of Memory Error (./open/src/hotspot/os/windows/os_windows.cpp:3472), pid=5288, tid=14556
#
# JRE version:  (15.0.1+9) (build )
# Java VM: OpenJDK 64-Bit Server VM (15.0.1+9-18, mixed mode, sharing, tiered, compressed oops, g1 gc, windows-amd64)
# No core dump will be written. Minidumps are not enabled by default on client versions of Windows
#

---------------  S U M M A R Y ------------

Command Line: -XX:TieredStopAtLevel=1 -Xverify:none -Dspring.output.ansi.enabled=always -javaagent:E:\UngDung\IntelliJ IDEA 2020.3\lib\idea_rt.jar=58502:E:\UngDung\IntelliJ IDEA 2020.3\bin -Dcom.sun.management.jmxremote -Dspring.jmx.enabled=true -Dspring.liveBeansView.mbeanDomain -Dspring.application.admin.enabled=true -Dfile.encoding=UTF-8 com.moneyconverter.demo.DemoApplication

Host: Intel(R) Core(TM) i5-9300H CPU @ 2.40GHz, 8 cores, 7G,  Windows 10 , 64 bit Build 18362 (10.0.18362.1110)
Time: Thu Dec 31 12:14:52 2020 SE Asia Standard Time elapsed time: 0.028822 seconds (0d 0h 0m 0s)

---------------  T H R E A D  ---------------

Current thread (0x000001bc0934ff10):  JavaThread "Unknown thread" [_thread_in_vm, id=14556, stack(0x0000004fd6700000,0x0000004fd6800000)]

Stack: [0x0000004fd6700000,0x0000004fd6800000]
Native frames: (J=compiled Java code, j=interpreted, Vv=VM code, C=native code)
V  [jvm.dll+0x62ae9a]
V  [jvm.dll+0x781389]
V  [jvm.dll+0x782ae3]
V  [jvm.dll+0x783143]
V  [jvm.dll+0x216265]
V  [jvm.dll+0x6281d9]
V  [jvm.dll+0x61cd15]
V  [jvm.dll+0x2d01fd]
V  [jvm.dll+0x2d0062]
V  [jvm.dll+0x2d603c]
V  [jvm.dll+0x325b2a]
V  [jvm.dll+0x3251f4]
V  [jvm.dll+0x2a717a]
V  [jvm.dll+0x2a8318]
V  [jvm.dll+0x75e101]
V  [jvm.dll+0x3343e4]
V  [jvm.dll+0x73e826]
V  [jvm.dll+0x3b7777]
V  [jvm.dll+0x3b9201]
C  [jli.dll+0x52fb]
C  [ucrtbase.dll+0x210b2]
C  [KERNEL32.DLL+0x17c24]
C  [ntdll.dll+0x6d4d1]


---------------  P R O C E S S  ---------------

Threads class SMR info:
_java_thread_list=0x00007ff8e19d4ff0, length=0, elements={
}

Java Threads: ( => current thread )

Other Threads:
  0x000001bc0938f680 GCTaskThread "GC Thread#0" [stack: 0x0000004fd6800000,0x0000004fd6900000] [id=16108]
  0x000001bc093a1370 ConcurrentGCThread "G1 Main Marker" [stack: 0x0000004fd6900000,0x0000004fd6a00000] [id=18192]
  0x000001bc093a2610 ConcurrentGCThread "G1 Conc#0" [stack: 0x0000004fd6a00000,0x0000004fd6b00000] [id=6436]

[error occurred during error reporting (printing all threads), id 0xc0000005, EXCEPTION_ACCESS_VIOLATION (0xc0000005) at pc=0x00007ff8e11c8047]

VM state: not at safepoint (not fully initialized)

VM Mutex/Monitor currently owned by a thread:  ([mutex/lock_event])
[0x000001bc0934b050] Heap_lock - owner thread: 0x000001bc0934ff10

Heap address: 0x0000000081c00000, size: 2020 MB, Compressed Oops mode: 32-bit
CDS archive(s) mapped at: [0x0000000000000000-0x0000000000000000-0x0000000000000000), size 0, SharedBaseAddress: 0x0000000800000000, ArchiveRelocationMode: 0.
Narrow klass base: 0x0000000000000000, Narrow klass shift: 0, Narrow klass range: 0x0

Heap:
 garbage-first heap   total 131072K, used 0K [0x0000000081c00000, 0x0000000100000000)
  region size 1024K, 0 young (0K), 0 survivors (0K)
 Metaspace       used 0K, capacity 0K, committed 0K, reserved 0K
  class space    used 0K, capacity 0K, committed 0K, reserved 0K

Heap Regions: E=young(eden), S=young(survivor), O=old, HS=humongous(starts), HC=humongous(continues), CS=collection set, F=free, OA=open archive, CA=closed archive, TAMS=top-at-mark-start (previous, next)

Card table byte_map: [0x000001bc20c90000,0x000001bc21090000] _byte_map_base: 0x000001bc20882000

Marking Bits (Prev, Next): (CMBitMap*) 0x000001bc09390d90, (CMBitMap*) 0x000001bc09390dd0
 Prev Bits: [0x000001bc21490000, 0x000001bc23420000)
 Next Bits: [0x000001bc23420000, 0x000001bc253b0000)

GC Heap History (0 events):
No events

Deoptimization events (0 events):
No events

Classes unloaded (0 events):
No events

Classes redefined (0 events):
No events

Internal exceptions (0 events):
No events

Events (1 events):
Event: 0.020 Loaded shared library C:\Users\Computer.DESKTOP-CL6K2EO\.jdks\openjdk-15.0.1\bin\java.dll


Dynamic libraries:
0x00007ff655b30000 - 0x00007ff655b3d000 	C:\Users\Computer.DESKTOP-CL6K2EO\.jdks\openjdk-15.0.1\bin\java.exe
0x00007ff923fc0000 - 0x00007ff9241b0000 	C:\WINDOWS\SYSTEM32\ntdll.dll
0x00007ff923e20000 - 0x00007ff923ed2000 	C:\WINDOWS\System32\KERNEL32.DLL
0x00007ff920f60000 - 0x00007ff921205000 	C:\WINDOWS\System32\KERNELBASE.dll
0x00007ff9219a0000 - 0x00007ff921a9a000 	C:\WINDOWS\System32\ucrtbase.dll
0x00007ff913bd0000 - 0x00007ff913be9000 	C:\Users\Computer.DESKTOP-CL6K2EO\.jdks\openjdk-15.0.1\bin\VCRUNTIME140.dll
0x00007ff9137b0000 - 0x00007ff9137c8000 	C:\Users\Computer.DESKTOP-CL6K2EO\.jdks\openjdk-15.0.1\bin\jli.dll
0x00007ff923370000 - 0x00007ff923504000 	C:\WINDOWS\System32\USER32.dll
0x00007ff922040000 - 0x00007ff922061000 	C:\WINDOWS\System32\win32u.dll
0x00007ff90f440000 - 0x00007ff90f6c4000 	C:\WINDOWS\WinSxS\amd64_microsoft.windows.common-controls_6595b64144ccf1df_6.0.18362.1256_none_9e7e379be45e40e2\COMCTL32.dll
0x00007ff922080000 - 0x00007ff9220a6000 	C:\WINDOWS\System32\GDI32.dll
0x00007ff923010000 - 0x00007ff9230ae000 	C:\WINDOWS\System32\msvcrt.dll
0x00007ff921aa0000 - 0x00007ff921c36000 	C:\WINDOWS\System32\gdi32full.dll
0x00007ff922160000 - 0x00007ff922496000 	C:\WINDOWS\System32\combase.dll
0x00007ff921da0000 - 0x00007ff921e3e000 	C:\WINDOWS\System32\msvcp_win.dll
0x00007ff9225e0000 - 0x00007ff922700000 	C:\WINDOWS\System32\RPCRT4.dll
0x00007ff921c40000 - 0x00007ff921cc1000 	C:\WINDOWS\System32\bcryptPrimitives.dll
0x00007ff923df0000 - 0x00007ff923e1e000 	C:\WINDOWS\System32\IMM32.DLL
0x00007ff91bf10000 - 0x00007ff91bf1c000 	C:\Users\Computer.DESKTOP-CL6K2EO\.jdks\openjdk-15.0.1\bin\vcruntime140_1.dll
0x00007ff8fefb0000 - 0x00007ff8ff041000 	C:\Users\Computer.DESKTOP-CL6K2EO\.jdks\openjdk-15.0.1\bin\msvcp140.dll
0x00007ff8e0f10000 - 0x00007ff8e1a6e000 	C:\Users\Computer.DESKTOP-CL6K2EO\.jdks\openjdk-15.0.1\bin\server\jvm.dll
0x00007ff922990000 - 0x00007ff922a33000 	C:\WINDOWS\System32\ADVAPI32.dll
0x00007ff923ee0000 - 0x00007ff923f77000 	C:\WINDOWS\System32\sechost.dll
0x00007ff923000000 - 0x00007ff923008000 	C:\WINDOWS\System32\PSAPI.DLL
0x00007ff913bc0000 - 0x00007ff913bc9000 	C:\WINDOWS\SYSTEM32\WSOCK32.dll
0x00007ff91e6b0000 - 0x00007ff91e6d4000 	C:\WINDOWS\SYSTEM32\WINMM.dll
0x00007ff91a3a0000 - 0x00007ff91a3aa000 	C:\WINDOWS\SYSTEM32\VERSION.dll
0x00007ff923230000 - 0x00007ff92329f000 	C:\WINDOWS\System32\WS2_32.dll
0x00007ff91e220000 - 0x00007ff91e24d000 	C:\WINDOWS\SYSTEM32\WINMMBASE.dll
0x00007ff921e40000 - 0x00007ff921e8a000 	C:\WINDOWS\System32\cfgmgr32.dll
0x00007ff920ec0000 - 0x00007ff920ed1000 	C:\WINDOWS\System32\kernel.appcore.dll
0x00007ff919e00000 - 0x00007ff919e0a000 	C:\Users\Computer.DESKTOP-CL6K2EO\.jdks\openjdk-15.0.1\bin\jimage.dll
0x00007ff91f710000 - 0x00007ff91f904000 	C:\WINDOWS\SYSTEM32\DBGHELP.DLL
0x00007ff90bc90000 - 0x00007ff90bcba000 	C:\WINDOWS\SYSTEM32\dbgcore.DLL
0x00007ff91bbb0000 - 0x00007ff91bbbe000 	C:\Users\Computer.DESKTOP-CL6K2EO\.jdks\openjdk-15.0.1\bin\instrument.dll
0x00007ff913160000 - 0x00007ff913185000 	C:\Users\Computer.DESKTOP-CL6K2EO\.jdks\openjdk-15.0.1\bin\java.dll

dbghelp: loaded successfully - version: 4.0.5 - missing functions: none
symbol engine: initialized successfully - sym options: 0x614 - pdb path: .;C:\Users\Computer.DESKTOP-CL6K2EO\.jdks\openjdk-15.0.1\bin;C:\WINDOWS\SYSTEM32;C:\WINDOWS\WinSxS\amd64_microsoft.windows.common-controls_6595b64144ccf1df_6.0.18362.1256_none_9e7e379be45e40e2;C:\Users\Computer.DESKTOP-CL6K2EO\.jdks\openjdk-15.0.1\bin\server

VM Arguments:
jvm_args: -XX:TieredStopAtLevel=1 -Xverify:none -Dspring.output.ansi.enabled=always -javaagent:E:\UngDung\IntelliJ IDEA 2020.3\lib\idea_rt.jar=58502:E:\UngDung\IntelliJ IDEA 2020.3\bin -Dcom.sun.management.jmxremote -Dspring.jmx.enabled=true -Dspring.liveBeansView.mbeanDomain -Dspring.application.admin.enabled=true -Dfile.encoding=UTF-8 
java_command: com.moneyconverter.demo.DemoApplication
java_class_path (initial): E:\Techmaster\namtien97.github.io\java_spring_boot_b4\target\classes;C:\Users\Computer.DESKTOP-CL6K2EO\.m2\repository\org\springframework\boot\spring-boot-starter-thymeleaf\2.4.1\spring-boot-starter-thymeleaf-2.4.1.jar;C:\Users\Computer.DESKTOP-CL6K2EO\.m2\repository\org\springframework\boot\spring-boot-starter\2.4.1\spring-boot-starter-2.4.1.jar;C:\Users\Computer.DESKTOP-CL6K2EO\.m2\repository\org\springframework\boot\spring-boot-starter-logging\2.4.1\spring-boot-starter-logging-2.4.1.jar;C:\Users\Computer.DESKTOP-CL6K2EO\.m2\repository\ch\qos\logback\logback-classic\1.2.3\logback-classic-1.2.3.jar;C:\Users\Computer.DESKTOP-CL6K2EO\.m2\repository\ch\qos\logback\logback-core\1.2.3\logback-core-1.2.3.jar;C:\Users\Computer.DESKTOP-CL6K2EO\.m2\repository\org\apache\logging\log4j\log4j-to-slf4j\2.13.3\log4j-to-slf4j-2.13.3.jar;C:\Users\Computer.DESKTOP-CL6K2EO\.m2\repository\org\apache\logging\log4j\log4j-api\2.13.3\log4j-api-2.13.3.jar;C:\Users\Computer.DESKTOP-CL6K2EO\.m2\repository\org\slf4j\jul-to-slf4j\1.7.30\jul-to-slf4j-1.7.30.jar;C:\Users\Computer.DESKTOP-CL6K2EO\.m2\repository\jakarta\annotation\jakarta.annotation-api\1.3.5\jakarta.annotation-api-1.3.5.jar;C:\Users\Computer.DESKTOP-CL6K2EO\.m2\repository\org\yaml\snakeyaml\1.27\snakeyaml-1.27.jar;C:\Users\Computer.DESKTOP-CL6K2EO\.m2\repository\org\thymeleaf\thymeleaf-spring5\3.0.11.RELEASE\thymeleaf-spring5-3.0.11.RELEASE.jar;C:\Users\Computer.DESKTOP-CL6K2EO\.m2\repository\org\thymeleaf\thymeleaf\3.0.11.RELEASE\thymeleaf-3.0.11.RELEASE.jar;C:\Users\Computer.DESKTOP-CL6K2EO\.m2\repository\org\attoparser\attoparser\2.0.5.RELEASE\attoparser-2.0.5.RELEASE.jar;C:\Users\Computer.DESKTOP-CL6K2EO\.m2\repository\org\unbescape\unbescape\1.1.6.RELEASE\unbescape-1.1.6.RELEASE.jar;C:\Users\Computer.DESKTOP-CL6K2EO\.m2\repository\org\slf4j\slf4j-api\1.7.30\slf4j-api-1.7.30.jar;C:\Users\Computer.DESKTOP-CL6K2EO\.m2\repository\org\thymeleaf\extras\thymeleaf-extras-java8time\3.0.4.RELEASE\thymelea
Launcher Type: SUN_STANDARD

[Global flags]
     intx CICompilerCount                          = 4                                         {product} {ergonomic}
     uint ConcGCThreads                            = 2                                         {product} {ergonomic}
     uint G1ConcRefinementThreads                  = 8                                         {product} {ergonomic}
   size_t G1HeapRegionSize                         = 1048576                                   {product} {ergonomic}
    uintx GCDrainStackTargetSize                   = 64                                        {product} {ergonomic}
   size_t InitialHeapSize                          = 134217728                                 {product} {ergonomic}
     bool ManagementServer                         = true                                      {product} {command line}
   size_t MarkStackSize                            = 4194304                                   {product} {ergonomic}
   size_t MaxHeapSize                              = 2118123520                                {product} {ergonomic}
   size_t MinHeapDeltaBytes                        = 1048576                                   {product} {ergonomic}
   size_t MinHeapSize                              = 8388608                                   {product} {ergonomic}
    uintx NonNMethodCodeHeapSize                   = 7549744                                {pd product} {ergonomic}
    uintx NonProfiledCodeHeapSize                  = 244108496                              {pd product} {ergonomic}
    uintx ProfiledCodeHeapSize                     = 0                                      {pd product} {ergonomic}
    uintx ReservedCodeCacheSize                    = 251658240                              {pd product} {ergonomic}
     bool SegmentedCodeCache                       = true                                      {product} {ergonomic}
   size_t SoftMaxHeapSize                          = 2118123520                             {manageable} {ergonomic}
     intx TieredStopAtLevel                        = 1                                         {product} {command line}
     bool UseCompressedClassPointers               = true                                 {lp64_product} {ergonomic}
     bool UseCompressedOops                        = true                                 {lp64_product} {ergonomic}
     bool UseG1GC                                  = true                                      {product} {ergonomic}
     bool UseLargePagesIndividualAllocation        = false                                  {pd product} {ergonomic}

Logging:
Log output configuration:
 #0: stdout all=warning uptime,level,tags
 #1: stderr all=off uptime,level,tags

Environment Variables:
JAVA_HOME=C:\Program Files\Java\jdk1.8.0_261
PATH=C:\Users\Computer.DESKTOP-CL6K2EO\.jdks\openjdk-15.0.1\bin;E:\Techmaster\Java\kit_moitruong_hoc_jsp_servlet\file_cai_dat\apache-maven-3.6.0\bin;C:\Program Files\AdoptOpenJDK\jdk-14.0.2.12-hotspot\bin;C:\Program Files (x86)\Common Files\Oracle\Java\javapath;C:\Python38\Scripts\;C:\Python38\;C:\Program Files (x86)\NVIDIA Corporation\PhysX\Common;C:\WINDOWS\system32;C:\WINDOWS;C:\WINDOWS\System32\Wbem;C:\WINDOWS\System32\WindowsPowerShell\v1.0\;C:\WINDOWS\System32\OpenSSH\;E:\UngDung\Git\cmd;C:\Program Files\nodejs\;C:\ProgramData\chocolatey\bin;C:\Program Files\MongoDB\Server\4.2\bin;;C:\Program Files\Docker\Docker\resources\bin;C:\ProgramData\DockerDesktop\version-bin;C:\Program Files\MySQL\MySQL Shell 8.0\bin\;C:\Program Files\MongoDB\Server\4.2\bin;C:\Users\Computer.DESKTOP-CL6K2EO\AppData\Local\Microsoft\WindowsApps;E:\UngDung\Microsoft VS Code\bin;C:\Users\Computer.DESKTOP-CL6K2EO\AppData\Local\GitHubDesktop\bin;C:\Users\Computer.DESKTOP-CL6K2EO\AppData\Roaming\npm;;%USERPROFILE%\AppData\Local\Microsoft\WindowsApps
USERNAME=Computer
OS=Windows_NT
PROCESSOR_IDENTIFIER=Intel64 Family 6 Model 158 Stepping 10, GenuineIntel



---------------  S Y S T E M  ---------------

OS:
 Windows 10 , 64 bit Build 18362 (10.0.18362.1110)
OS uptime: 9 days 0:28 hours
HyperV virtualization detected

CPU: total 8 (initial active 8) (4 cores per cpu, 2 threads per core) family 6 model 158 stepping 10 microcode 0xb4, cmov, cx8, fxsr, mmx, sse, sse2, sse3, ssse3, sse4.1, sse4.2, popcnt, vzeroupper, avx, avx2, aes, clmul, erms, 3dnowpref, lzcnt, ht, tsc, tscinvbit, bmi1, bmi2, adx, fma, clflush, clflushopt

Memory: 4k page, system-wide physical 8072M (883M free)
TotalPageFile size 12141M (AvailPageFile size 96M)
current process WorkingSet (physical memory assigned to process): 10M, peak: 10M
current process commit charge ("private bytes"): 58M, peak: 186M

vm_info: OpenJDK 64-Bit Server VM (15.0.1+9-18) for windows-amd64 JRE (15.0.1+9-18), built on Sep 15 2020 14:39:31 by "mach5one" with unknown MS VC++:1925

END.
