#
# There is insufficient memory for the Java Runtime Environment to continue.
# Native memory allocation (mmap) failed to map 134217728 bytes for G1 virtual space
# Possible reasons:
#   The system is out of physical RAM or swap space
#   The process is running with CompressedOops enabled, and the Java Heap may be blocking the growth of the native heap
# Possible solutions:
#   Reduce memory load on the system
#   Increase physical memory or swap space
#   Check if swap backing store is full
#   Decrease Java heap size (-Xmx/-Xms)
#   Decrease number of Java threads
#   Decrease Java thread stack sizes (-Xss)
#   Set larger code cache with -XX:ReservedCodeCacheSize=
#   JVM is running with Unscaled Compressed Oops mode in which the Java heap is
#     placed in the first 4GB address space. The Java Heap base address is the
#     maximum limit for the native heap growth. Please use -XX:HeapBaseMinAddress
#     to set the Java Heap base and to place the Java Heap above 4GB virtual address.
# This output file may be truncated or incomplete.
#
#  Out of Memory Error (./open/src/hotspot/os/windows/os_windows.cpp:3472), pid=9368, tid=16116
#
# JRE version:  (15.0.1+9) (build )
# Java VM: OpenJDK 64-Bit Server VM (15.0.1+9-18, mixed mode, sharing, tiered, compressed oops, g1 gc, windows-amd64)
# No core dump will be written. Minidumps are not enabled by default on client versions of Windows
#

---------------  S U M M A R Y ------------

Command Line: -ea -Didea.test.cyclic.buffer.size=1048576 -javaagent:E:\UngDung\IntelliJ IDEA 2020.3\lib\idea_rt.jar=56430:E:\UngDung\IntelliJ IDEA 2020.3\bin -Dfile.encoding=UTF-8 com.intellij.rt.junit.JUnitStarter -ideVersion5 -junit5 com.techmaster.authen.UserTest,createNewUser

Host: Intel(R) Core(TM) i5-9300H CPU @ 2.40GHz, 8 cores, 7G,  Windows 10 , 64 bit Build 18362 (10.0.18362.1110)
Time: Wed Jan 13 15:13:22 2021 SE Asia Standard Time elapsed time: 0.014322 seconds (0d 0h 0m 0s)

---------------  T H R E A D  ---------------

Current thread (0x00000230b97a8450):  JavaThread "Unknown thread" [_thread_in_vm, id=16116, stack(0x000000518ad00000,0x000000518ae00000)]

Stack: [0x000000518ad00000,0x000000518ae00000]
Native frames: (J=compiled Java code, j=interpreted, Vv=VM code, C=native code)
V  [jvm.dll+0x62ae9a]
V  [jvm.dll+0x781389]
V  [jvm.dll+0x782ae3]
V  [jvm.dll+0x783143]
V  [jvm.dll+0x216265]
V  [jvm.dll+0x6281d9]
V  [jvm.dll+0x61cd15]
V  [jvm.dll+0x2d01fd]
V  [jvm.dll+0x2d0062]
V  [jvm.dll+0x2d603c]
V  [jvm.dll+0x325b2a]
V  [jvm.dll+0x3251f4]
V  [jvm.dll+0x2a717a]
V  [jvm.dll+0x2a8318]
V  [jvm.dll+0x75e101]
V  [jvm.dll+0x3343e4]
V  [jvm.dll+0x73e826]
V  [jvm.dll+0x3b7777]
V  [jvm.dll+0x3b9201]
C  [jli.dll+0x52fb]
C  [ucrtbase.dll+0x210b2]
C  [KERNEL32.DLL+0x17c24]
C  [ntdll.dll+0x6d4d1]


---------------  P R O C E S S  ---------------

Threads class SMR info:
_java_thread_list=0x00007ffb24d24ff0, length=0, elements={
}

Java Threads: ( => current thread )

Other Threads:
  0x00000230b97e8cc0 GCTaskThread "GC Thread#0" [stack: 0x000000518ae00000,0x000000518af00000] [id=9692]
  0x00000230b97fa9b0 ConcurrentGCThread "G1 Main Marker" [stack: 0x000000518af00000,0x000000518b000000] [id=9724]
  0x00000230b97fbc50 ConcurrentGCThread "G1 Conc#0" [stack: 0x000000518b000000,0x000000518b100000] [id=3248]

[error occurred during error reporting (printing all threads), id 0xc0000005, EXCEPTION_ACCESS_VIOLATION (0xc0000005) at pc=0x00007ffb24518047]

VM state: not at safepoint (not fully initialized)

VM Mutex/Monitor currently owned by a thread:  ([mutex/lock_event])
[0x00000230b97a5c20] Heap_lock - owner thread: 0x00000230b97a8450

Heap address: 0x0000000081c00000, size: 2020 MB, Compressed Oops mode: 32-bit
CDS archive(s) mapped at: [0x0000000000000000-0x0000000000000000-0x0000000000000000), size 0, SharedBaseAddress: 0x0000000800000000, ArchiveRelocationMode: 0.
Narrow klass base: 0x0000000000000000, Narrow klass shift: 0, Narrow klass range: 0x0

Heap:
 garbage-first heap   total 131072K, used 0K [0x0000000081c00000, 0x0000000100000000)
  region size 1024K, 0 young (0K), 0 survivors (0K)
 Metaspace       used 0K, capacity 0K, committed 0K, reserved 0K
  class space    used 0K, capacity 0K, committed 0K, reserved 0K

Heap Regions: E=young(eden), S=young(survivor), O=old, HS=humongous(starts), HC=humongous(continues), CS=collection set, F=free, OA=open archive, CA=closed archive, TAMS=top-at-mark-start (previous, next)

Card table byte_map: [0x00000230d10e0000,0x00000230d14e0000] _byte_map_base: 0x00000230d0cd2000

Marking Bits (Prev, Next): (CMBitMap*) 0x00000230b97ea3d0, (CMBitMap*) 0x00000230b97ea410
 Prev Bits: [0x00000230d18e0000, 0x00000230d3870000)
 Next Bits: [0x00000230d3870000, 0x00000230d5800000)

GC Heap History (0 events):
No events

Deoptimization events (0 events):
No events

Classes unloaded (0 events):
No events

Classes redefined (0 events):
No events

Internal exceptions (0 events):
No events

Events (1 events):
Event: 0.009 Loaded shared library C:\Users\Computer.DESKTOP-CL6K2EO\.jdks\openjdk-15.0.1\bin\java.dll


Dynamic libraries:
0x00007ff6d00d0000 - 0x00007ff6d00dd000 	C:\Users\Computer.DESKTOP-CL6K2EO\.jdks\openjdk-15.0.1\bin\java.exe
0x00007ffb730a0000 - 0x00007ffb73290000 	C:\WINDOWS\SYSTEM32\ntdll.dll
0x00007ffb71150000 - 0x00007ffb71202000 	C:\WINDOWS\System32\KERNEL32.DLL
0x00007ffb70150000 - 0x00007ffb703f5000 	C:\WINDOWS\System32\KERNELBASE.dll
0x00007ffb71050000 - 0x00007ffb7114a000 	C:\WINDOWS\System32\ucrtbase.dll
0x00007ffb595f0000 - 0x00007ffb59608000 	C:\Users\Computer.DESKTOP-CL6K2EO\.jdks\openjdk-15.0.1\bin\jli.dll
0x00007ffb53e20000 - 0x00007ffb53e39000 	C:\Users\Computer.DESKTOP-CL6K2EO\.jdks\openjdk-15.0.1\bin\VCRUNTIME140.dll
0x00007ffb718d0000 - 0x00007ffb71a64000 	C:\WINDOWS\System32\USER32.dll
0x00007ffb70010000 - 0x00007ffb70031000 	C:\WINDOWS\System32\win32u.dll
0x00007ffb5cee0000 - 0x00007ffb5d164000 	C:\WINDOWS\WinSxS\amd64_microsoft.windows.common-controls_6595b64144ccf1df_6.0.18362.1256_none_9e7e379be45e40e2\COMCTL32.dll
0x00007ffb73030000 - 0x00007ffb73056000 	C:\WINDOWS\System32\GDI32.dll
0x00007ffb72090000 - 0x00007ffb7212e000 	C:\WINDOWS\System32\msvcrt.dll
0x00007ffb70400000 - 0x00007ffb70596000 	C:\WINDOWS\System32\gdi32full.dll
0x00007ffb71590000 - 0x00007ffb718c6000 	C:\WINDOWS\System32\combase.dll
0x00007ffb70680000 - 0x00007ffb7071e000 	C:\WINDOWS\System32\msvcp_win.dll
0x00007ffb71af0000 - 0x00007ffb71c10000 	C:\WINDOWS\System32\RPCRT4.dll
0x00007ffb70040000 - 0x00007ffb700c1000 	C:\WINDOWS\System32\bcryptPrimitives.dll
0x00007ffb72f80000 - 0x00007ffb72fae000 	C:\WINDOWS\System32\IMM32.DLL
0x00007ffb5ee20000 - 0x00007ffb5ee2c000 	C:\Users\Computer.DESKTOP-CL6K2EO\.jdks\openjdk-15.0.1\bin\vcruntime140_1.dll
0x00007ffb40e20000 - 0x00007ffb40eb1000 	C:\Users\Computer.DESKTOP-CL6K2EO\.jdks\openjdk-15.0.1\bin\msvcp140.dll
0x00007ffb24260000 - 0x00007ffb24dbe000 	C:\Users\Computer.DESKTOP-CL6K2EO\.jdks\openjdk-15.0.1\bin\server\jvm.dll
0x00007ffb72820000 - 0x00007ffb728c3000 	C:\WINDOWS\System32\ADVAPI32.dll
0x00007ffb72ee0000 - 0x00007ffb72f77000 	C:\WINDOWS\System32\sechost.dll
0x00007ffb72e70000 - 0x00007ffb72e78000 	C:\WINDOWS\System32\PSAPI.DLL
0x00007ffb67b90000 - 0x00007ffb67b99000 	C:\WINDOWS\SYSTEM32\WSOCK32.dll
0x00007ffb6db70000 - 0x00007ffb6db94000 	C:\WINDOWS\SYSTEM32\WINMM.dll
0x00007ffb72d30000 - 0x00007ffb72d9f000 	C:\WINDOWS\System32\WS2_32.dll
0x00007ffb6da60000 - 0x00007ffb6da8d000 	C:\WINDOWS\SYSTEM32\WINMMBASE.dll
0x00007ffb71000000 - 0x00007ffb7104a000 	C:\WINDOWS\System32\cfgmgr32.dll
0x00007ffb69930000 - 0x00007ffb6993a000 	C:\WINDOWS\SYSTEM32\VERSION.dll
0x00007ffb6ffa0000 - 0x00007ffb6ffb1000 	C:\WINDOWS\System32\kernel.appcore.dll
0x00007ffb5dcf0000 - 0x00007ffb5dcfa000 	C:\Users\Computer.DESKTOP-CL6K2EO\.jdks\openjdk-15.0.1\bin\jimage.dll
0x00007ffb6e6b0000 - 0x00007ffb6e8a4000 	C:\WINDOWS\SYSTEM32\DBGHELP.DLL
0x00007ffb59320000 - 0x00007ffb5934a000 	C:\WINDOWS\SYSTEM32\dbgcore.DLL
0x00007ffb57990000 - 0x00007ffb5799e000 	C:\Users\Computer.DESKTOP-CL6K2EO\.jdks\openjdk-15.0.1\bin\instrument.dll
0x00007ffb52750000 - 0x00007ffb52775000 	C:\Users\Computer.DESKTOP-CL6K2EO\.jdks\openjdk-15.0.1\bin\java.dll

dbghelp: loaded successfully - version: 4.0.5 - missing functions: none
symbol engine: initialized successfully - sym options: 0x614 - pdb path: .;C:\Users\Computer.DESKTOP-CL6K2EO\.jdks\openjdk-15.0.1\bin;C:\WINDOWS\SYSTEM32;C:\WINDOWS\WinSxS\amd64_microsoft.windows.common-controls_6595b64144ccf1df_6.0.18362.1256_none_9e7e379be45e40e2;C:\Users\Computer.DESKTOP-CL6K2EO\.jdks\openjdk-15.0.1\bin\server

VM Arguments:
jvm_args: -ea -Didea.test.cyclic.buffer.size=1048576 -javaagent:E:\UngDung\IntelliJ IDEA 2020.3\lib\idea_rt.jar=56430:E:\UngDung\IntelliJ IDEA 2020.3\bin -Dfile.encoding=UTF-8 
java_command: com.intellij.rt.junit.JUnitStarter -ideVersion5 -junit5 com.techmaster.authen.UserTest,createNewUser
java_class_path (initial): E:\UngDung\IntelliJ IDEA 2020.3\lib\idea_rt.jar;C:\Users\Computer.DESKTOP-CL6K2EO\.m2\repository\org\junit\platform\junit-platform-launcher\1.7.0\junit-platform-launcher-1.7.0.jar;E:\UngDung\IntelliJ IDEA 2020.3\plugins\junit\lib\junit5-rt.jar;E:\UngDung\IntelliJ IDEA 2020.3\plugins\junit\lib\junit-rt.jar;E:\Techmaster\namtien97.github.io\java_spring_boot_b6\target\test-classes;E:\Techmaster\namtien97.github.io\java_spring_boot_b6\target\classes;C:\Users\Computer.DESKTOP-CL6K2EO\.m2\repository\org\springframework\boot\spring-boot-starter-data-jpa\2.4.1\spring-boot-starter-data-jpa-2.4.1.jar;C:\Users\Computer.DESKTOP-CL6K2EO\.m2\repository\org\springframework\boot\spring-boot-starter-aop\2.4.1\spring-boot-starter-aop-2.4.1.jar;C:\Users\Computer.DESKTOP-CL6K2EO\.m2\repository\org\aspectj\aspectjweaver\1.9.6\aspectjweaver-1.9.6.jar;C:\Users\Computer.DESKTOP-CL6K2EO\.m2\repository\org\springframework\boot\spring-boot-starter-jdbc\2.4.1\spring-boot-starter-jdbc-2.4.1.jar;C:\Users\Computer.DESKTOP-CL6K2EO\.m2\repository\com\zaxxer\HikariCP\3.4.5\HikariCP-3.4.5.jar;C:\Users\Computer.DESKTOP-CL6K2EO\.m2\repository\org\springframework\spring-jdbc\5.3.2\spring-jdbc-5.3.2.jar;C:\Users\Computer.DESKTOP-CL6K2EO\.m2\repository\jakarta\transaction\jakarta.transaction-api\1.3.3\jakarta.transaction-api-1.3.3.jar;C:\Users\Computer.DESKTOP-CL6K2EO\.m2\repository\jakarta\persistence\jakarta.persistence-api\2.2.3\jakarta.persistence-api-2.2.3.jar;C:\Users\Computer.DESKTOP-CL6K2EO\.m2\repository\org\hibernate\hibernate-core\5.4.25.Final\hibernate-core-5.4.25.Final.jar;C:\Users\Computer.DESKTOP-CL6K2EO\.m2\repository\org\jboss\logging\jboss-logging\3.4.1.Final\jboss-logging-3.4.1.Final.jar;C:\Users\Computer.DESKTOP-CL6K2EO\.m2\repository\org\javassist\javassist\3.27.0-GA\javassist-3.27.0-GA.jar;C:\Users\Computer.DESKTOP-CL6K2EO\.m2\repository\net\bytebuddy\byte-buddy\1.10.18\byte-buddy-1.10.18.jar;C:\Users\Computer.DESKTOP-CL6K2EO\.m2\repository\antlr\antlr\2.
Launcher Type: SUN_STANDARD

[Global flags]
     intx CICompilerCount                          = 4                                         {product} {ergonomic}
     uint ConcGCThreads                            = 2                                         {product} {ergonomic}
     uint G1ConcRefinementThreads                  = 8                                         {product} {ergonomic}
   size_t G1HeapRegionSize                         = 1048576                                   {product} {ergonomic}
    uintx GCDrainStackTargetSize                   = 64                                        {product} {ergonomic}
   size_t InitialHeapSize                          = 134217728                                 {product} {ergonomic}
   size_t MarkStackSize                            = 4194304                                   {product} {ergonomic}
   size_t MaxHeapSize                              = 2118123520                                {product} {ergonomic}
   size_t MinHeapDeltaBytes                        = 1048576                                   {product} {ergonomic}
   size_t MinHeapSize                              = 8388608                                   {product} {ergonomic}
    uintx NonNMethodCodeHeapSize                   = 5839372                                {pd product} {ergonomic}
    uintx NonProfiledCodeHeapSize                  = 122909434                              {pd product} {ergonomic}
    uintx ProfiledCodeHeapSize                     = 122909434                              {pd product} {ergonomic}
    uintx ReservedCodeCacheSize                    = 251658240                              {pd product} {ergonomic}
     bool SegmentedCodeCache                       = true                                      {product} {ergonomic}
   size_t SoftMaxHeapSize                          = 2118123520                             {manageable} {ergonomic}
     bool UseCompressedClassPointers               = true                                 {lp64_product} {ergonomic}
     bool UseCompressedOops                        = true                                 {lp64_product} {ergonomic}
     bool UseG1GC                                  = true                                      {product} {ergonomic}
     bool UseLargePagesIndividualAllocation        = false                                  {pd product} {ergonomic}

Logging:
Log output configuration:
 #0: stdout all=warning uptime,level,tags
 #1: stderr all=off uptime,level,tags

Environment Variables:
JAVA_HOME=C:\Users\Computer.DESKTOP-CL6K2EO\.jdks\openjdk-15.0.1
PATH=C:\Program Files\Java\jdk1.8.0_261\bin;E:\Techmaster\Java\kit_moitruong_hoc_jsp_servlet\file_cai_dat\apache-maven-3.6.0\bin;C:\Program Files\AdoptOpenJDK\jdk-14.0.2.12-hotspot\bin;C:\Program Files (x86)\Common Files\Oracle\Java\javapath;C:\Python38\Scripts\;C:\Python38\;C:\Program Files (x86)\NVIDIA Corporation\PhysX\Common;C:\WINDOWS\system32;C:\WINDOWS;C:\WINDOWS\System32\Wbem;C:\WINDOWS\System32\WindowsPowerShell\v1.0\;C:\WINDOWS\System32\OpenSSH\;E:\UngDung\Git\cmd;C:\Program Files\nodejs\;C:\ProgramData\chocolatey\bin;C:\Program Files\MongoDB\Server\4.2\bin;;C:\Program Files\Docker\Docker\resources\bin;C:\ProgramData\DockerDesktop\version-bin;C:\Program Files\MySQL\MySQL Shell 8.0\bin\;C:\Program Files\MongoDB\Server\4.2\bin;C:\Users\Computer.DESKTOP-CL6K2EO\AppData\Local\Microsoft\WindowsApps;E:\UngDung\Microsoft VS Code\bin;C:\Users\Computer.DESKTOP-CL6K2EO\AppData\Local\GitHubDesktop\bin;C:\Users\Computer.DESKTOP-CL6K2EO\AppData\Roaming\npm;;%USERPROFILE%\AppData\Local\Microsoft\WindowsApps
USERNAME=Computer
OS=Windows_NT
PROCESSOR_IDENTIFIER=Intel64 Family 6 Model 158 Stepping 10, GenuineIntel



---------------  S Y S T E M  ---------------

OS:
 Windows 10 , 64 bit Build 18362 (10.0.18362.1110)
OS uptime: 12 days 20:51 hours
HyperV virtualization detected

CPU: total 8 (initial active 8) (4 cores per cpu, 2 threads per core) family 6 model 158 stepping 10 microcode 0xb4, cmov, cx8, fxsr, mmx, sse, sse2, sse3, ssse3, sse4.1, sse4.2, popcnt, vzeroupper, avx, avx2, aes, clmul, erms, 3dnowpref, lzcnt, ht, tsc, tscinvbit, bmi1, bmi2, adx, fma, clflush, clflushopt

Memory: 4k page, system-wide physical 8072M (718M free)
TotalPageFile size 12168M (AvailPageFile size 64M)
current process WorkingSet (physical memory assigned to process): 10M, peak: 10M
current process commit charge ("private bytes"): 60M, peak: 188M

vm_info: OpenJDK 64-Bit Server VM (15.0.1+9-18) for windows-amd64 JRE (15.0.1+9-18), built on Sep 15 2020 14:39:31 by "mach5one" with unknown MS VC++:1925

END.
