#
# There is insufficient memory for the Java Runtime Environment to continue.
# Native memory allocation (malloc) failed to allocate 1048576 bytes for AllocateHeap
# Possible reasons:
#   The system is out of physical RAM or swap space
#   The process is running with CompressedOops enabled, and the Java Heap may be blocking the growth of the native heap
# Possible solutions:
#   Reduce memory load on the system
#   Increase physical memory or swap space
#   Check if swap backing store is full
#   Decrease Java heap size (-Xmx/-Xms)
#   Decrease number of Java threads
#   Decrease Java thread stack sizes (-Xss)
#   Set larger code cache with -XX:ReservedCodeCacheSize=
#   JVM is running with Unscaled Compressed Oops mode in which the Java heap is
#     placed in the first 4GB address space. The Java Heap base address is the
#     maximum limit for the native heap growth. Please use -XX:HeapBaseMinAddress
#     to set the Java Heap base and to place the Java Heap above 4GB virtual address.
# This output file may be truncated or incomplete.
#
#  Out of Memory Error (./open/src/hotspot/share/memory/allocation.cpp:44), pid=16132, tid=8288
#
# JRE version: OpenJDK Runtime Environment (15.0.1+9) (build 15.0.1+9-18)
# Java VM: OpenJDK 64-Bit Server VM (15.0.1+9-18, mixed mode, sharing, tiered, compressed oops, g1 gc, windows-amd64)
# No core dump will be written. Minidumps are not enabled by default on client versions of Windows
#

---------------  S U M M A R Y ------------

Command Line: -XX:TieredStopAtLevel=1 -Xverify:none -Dspring.output.ansi.enabled=always -javaagent:E:\UngDung\IntelliJ IDEA 2020.3\lib\idea_rt.jar=50904:E:\UngDung\IntelliJ IDEA 2020.3\bin -Dcom.sun.management.jmxremote -Dspring.jmx.enabled=true -Dspring.liveBeansView.mbeanDomain -Dspring.application.admin.enabled=true -Dfile.encoding=UTF-8 com.example.demo.DemoApplication

Host: Intel(R) Core(TM) i5-9300H CPU @ 2.40GHz, 8 cores, 7G,  Windows 10 , 64 bit Build 18362 (10.0.18362.1110)
Time: Thu Jan 14 21:09:37 2021 SE Asia Standard Time elapsed time: 1.199978 seconds (0d 0h 0m 1s)

---------------  T H R E A D  ---------------

Current thread (0x0000022b791c4710):  VMThread "VM Thread" [stack: 0x00000046abd00000,0x00000046abe00000] [id=8288]

Stack: [0x00000046abd00000,0x00000046abe00000]
[error occurred during error reporting (printing stack bounds), id 0xc0000005, EXCEPTION_ACCESS_VIOLATION (0xc0000005) at pc=0x0000022b629310ad]

Native frames: (J=compiled Java code, j=interpreted, Vv=VM code, C=native code)
V  [jvm.dll+0x62ae9a]
V  [jvm.dll+0x781389]
V  [jvm.dll+0x782ae3]
V  [jvm.dll+0x7830a5]
V  [jvm.dll+0x78305b]
V  [jvm.dll+0x62a2b9]
V  [jvm.dll+0x62aa88]
C  [ntdll.dll+0xa184f]
C  [ntdll.dll+0x6a889]
C  [ntdll.dll+0xa04be]
C  0x0000022b629310ad

VM_Operation (0x00000046ad2fc580): CollectForMetadataAllocation, mode: safepoint, requested by thread 0x0000022b7a518870


---------------  P R O C E S S  ---------------

Threads class SMR info:
_java_thread_list=0x0000022b7a661260, length=17, elements={
0x0000022b5a728040, 0x0000022b791c6eb0, 0x0000022b791c7990, 0x0000022b791dd890,
0x0000022b791de150, 0x0000022b791e0b20, 0x0000022b791e24f0, 0x0000022b791ee400,
0x0000022b791ab7d0, 0x0000022b79eec850, 0x0000022b79eecd20, 0x0000022b7a096b40,
0x0000022b7a185130, 0x0000022b7a49e2e0, 0x0000022b7a5c53b0, 0x0000022b7a517a00,
0x0000022b7a518870
}

Java Threads: ( => current thread )
  0x0000022b5a728040 JavaThread "main" [_thread_blocked, id=3236, stack(0x00000046ab700000,0x00000046ab800000)]
  0x0000022b791c6eb0 JavaThread "Reference Handler" daemon [_thread_blocked, id=5532, stack(0x00000046abe00000,0x00000046abf00000)]
  0x0000022b791c7990 JavaThread "Finalizer" daemon [_thread_blocked, id=10496, stack(0x00000046abf00000,0x00000046ac000000)]
  0x0000022b791dd890 JavaThread "Signal Dispatcher" daemon [_thread_blocked, id=6316, stack(0x00000046ac000000,0x00000046ac100000)]
  0x0000022b791de150 JavaThread "Attach Listener" daemon [_thread_blocked, id=18080, stack(0x00000046ac100000,0x00000046ac200000)]
  0x0000022b791e0b20 JavaThread "Service Thread" daemon [_thread_blocked, id=17680, stack(0x00000046ac200000,0x00000046ac300000)]
  0x0000022b791e24f0 JavaThread "C1 CompilerThread0" daemon [_thread_blocked, id=13036, stack(0x00000046ac300000,0x00000046ac400000)]
  0x0000022b791ee400 JavaThread "Sweeper thread" daemon [_thread_blocked, id=19136, stack(0x00000046ac400000,0x00000046ac500000)]
  0x0000022b791ab7d0 JavaThread "Common-Cleaner" daemon [_thread_blocked, id=9624, stack(0x00000046ac500000,0x00000046ac600000)]
  0x0000022b79eec850 JavaThread "Monitor Ctrl-Break" daemon [_thread_in_native, id=16456, stack(0x00000046ac600000,0x00000046ac700000)]
  0x0000022b79eecd20 JavaThread "Notification Thread" daemon [_thread_blocked, id=14260, stack(0x00000046ac700000,0x00000046ac800000)]
  0x0000022b7a096b40 JavaThread "RMI TCP Accept-0" daemon [_thread_in_native, id=18148, stack(0x00000046ac800000,0x00000046ac900000)]
  0x0000022b7a185130 JavaThread "Thread-0" [_thread_blocked, id=9132, stack(0x00000046ace00000,0x00000046acf00000)]
  0x0000022b7a49e2e0 JavaThread "restartedMain" [_thread_blocked, id=6204, stack(0x00000046acf00000,0x00000046ad000000)]
  0x0000022b7a5c53b0 JavaThread "RMI TCP Connection(1)-192.168.1.191" daemon [_thread_in_native, id=2824, stack(0x00000046ad000000,0x00000046ad100000)]
  0x0000022b7a517a00 JavaThread "RMI Scheduler(0)" daemon [_thread_blocked, id=2304, stack(0x00000046ad100000,0x00000046ad200000)]
  0x0000022b7a518870 JavaThread "background-preinit" [_thread_blocked, id=1544, stack(0x00000046ad200000,0x00000046ad300000)]

Other Threads:
=>0x0000022b791c4710 VMThread "VM Thread" [stack: 0x00000046abd00000,0x00000046abe00000] [id=8288]
  0x0000022b5a729080 WatcherThread [stack: 0x00000046ac900000,0x00000046aca00000] [id=18804]
  0x0000022b5a766dd0 GCTaskThread "GC Thread#0" [stack: 0x00000046ab800000,0x00000046ab900000] [id=14720]
  0x0000022b7a0ff3d0 GCTaskThread "GC Thread#1" [stack: 0x00000046aca00000,0x00000046acb00000] [id=17636]
  0x0000022b7a0fed70 GCTaskThread "GC Thread#2" [stack: 0x00000046acb00000,0x00000046acc00000] [id=7404]
  0x0000022b7a0fe3e0 GCTaskThread "GC Thread#3" [stack: 0x00000046ad300000,0x00000046ad400000] [id=3372]
  0x0000022b5a778ac0 ConcurrentGCThread "G1 Main Marker" [stack: 0x00000046ab900000,0x00000046aba00000] [id=16164]
  0x0000022b5a779d60 ConcurrentGCThread "G1 Conc#0" [stack: 0x00000046aba00000,0x00000046abb00000] [id=9744]
  0x0000022b7a0fea40 ConcurrentGCThread "G1 Conc#1" [stack: 0x00000046ad400000,0x00000046ad500000] [id=17580]
  0x0000022b5a7de170 ConcurrentGCThread "G1 Refine#0" [stack: 0x00000046abb00000,0x00000046abc00000] [id=16152]
  0x0000022b7a442a50 ConcurrentGCThread "G1 Refine#1" [stack: 0x00000046acc00000,0x00000046acd00000] [id=11828]
  0x0000022b7a4435d0 ConcurrentGCThread "G1 Refine#2" [stack: 0x00000046acd00000,0x00000046ace00000] [id=1588]
  0x0000022b790360d0 ConcurrentGCThread "G1 Young RemSet Sampling" [stack: 0x00000046abc00000,0x00000046abd00000] [id=16312]

Threads with active compile tasks:

VM state: at safepoint (normal execution)

VM Mutex/Monitor currently owned by a thread:  ([mutex/lock_event])
[0x0000022b5a7249f0] Threads_lock - owner thread: 0x0000022b791c4710
[0x0000022b5a725890] Heap_lock - owner thread: 0x0000022b7a518870

Heap address: 0x0000000081c00000, size: 2020 MB, Compressed Oops mode: 32-bit
CDS archive(s) mapped at: [0x0000000800000000-0x0000000800b50000-0x0000000800b50000), size 11862016, SharedBaseAddress: 0x0000000800000000, ArchiveRelocationMode: 0.
Compressed class space mapped at: 0x0000000800b50000-0x0000000840b50000, size: 1073741824
Narrow klass base: 0x0000000800000000, Narrow klass shift: 3, Narrow klass range: 0x100000000

GC Precious Log:
 CPUs: 8 total, 8 available
 Memory: 8072M
 Large Page Support: Disabled
 NUMA Support: Disabled
 Compressed Oops: Enabled (32-bit)
 Heap Region Size: 1M
 Heap Min Capacity: 8M
 Heap Initial Capacity: 128M
 Heap Max Capacity: 2020M
 Pre-touch: Disabled
 Parallel Workers: 8
 Concurrent Workers: 2
 Concurrent Refinement Workers: 8
 Periodic GC: Disabled

Heap:
 garbage-first heap   total 131072K, used 9247K [0x0000000081c00000, 0x0000000100000000)
  region size 1024K, 2 young (2048K), 2 survivors (2048K)
 Metaspace       used 10729K, capacity 10974K, committed 11008K, reserved 1067008K
  class space    used 1418K, capacity 1521K, committed 1536K, reserved 1048576K

Heap Regions: E=young(eden), S=young(survivor), O=old, HS=humongous(starts), HC=humongous(continues), CS=collection set, F=free, OA=open archive, CA=closed archive, TAMS=top-at-mark-start (previous, next)
|   0|0x0000000081c00000, 0x0000000081d00000, 0x0000000081d00000|100%|HS|  |TAMS 0x0000000081c00000, 0x0000000081d00000| Complete 
|   1|0x0000000081d00000, 0x0000000081e00000, 0x0000000081e00000|100%| O|  |TAMS 0x0000000081d00000, 0x0000000081e00000| Untracked 
|   2|0x0000000081e00000, 0x0000000081f00000, 0x0000000081f00000|100%| O|  |TAMS 0x0000000081e00000, 0x0000000081f00000| Untracked 
|   3|0x0000000081f00000, 0x0000000082000000, 0x0000000082000000|100%| O|  |TAMS 0x0000000081f00000, 0x0000000082000000| Untracked 
|   4|0x0000000082000000, 0x0000000082100000, 0x0000000082100000|100%| O|  |TAMS 0x0000000082000000, 0x0000000082100000| Untracked 
|   5|0x0000000082100000, 0x0000000082200000, 0x0000000082200000|100%| O|  |TAMS 0x0000000082100000, 0x0000000082200000| Untracked 
|   6|0x0000000082200000, 0x0000000082300000, 0x0000000082300000|100%| O|  |TAMS 0x0000000082200000, 0x0000000082300000| Untracked 
|   7|0x0000000082300000, 0x000000008232ac00, 0x0000000082400000| 16%| O|  |TAMS 0x0000000082300000, 0x000000008232ac00| Untracked 
|   8|0x0000000082400000, 0x0000000082400000, 0x0000000082500000|  0%| F|  |TAMS 0x0000000082400000, 0x0000000082400000| Untracked 
|   9|0x0000000082500000, 0x0000000082500000, 0x0000000082600000|  0%| F|  |TAMS 0x0000000082500000, 0x0000000082500000| Untracked 
|  10|0x0000000082600000, 0x0000000082600000, 0x0000000082700000|  0%| F|  |TAMS 0x0000000082600000, 0x0000000082600000| Untracked 
|  11|0x0000000082700000, 0x0000000082700000, 0x0000000082800000|  0%| F|  |TAMS 0x0000000082700000, 0x0000000082700000| Untracked 
|  12|0x0000000082800000, 0x0000000082800000, 0x0000000082900000|  0%| F|  |TAMS 0x0000000082800000, 0x0000000082800000| Untracked 
|  13|0x0000000082900000, 0x0000000082900000, 0x0000000082a00000|  0%| F|  |TAMS 0x0000000082900000, 0x0000000082900000| Untracked 
|  14|0x0000000082a00000, 0x0000000082a00000, 0x0000000082b00000|  0%| F|  |TAMS 0x0000000082a00000, 0x0000000082a00000| Untracked 
|  15|0x0000000082b00000, 0x0000000082b00000, 0x0000000082c00000|  0%| F|  |TAMS 0x0000000082b00000, 0x0000000082b00000| Untracked 
|  16|0x0000000082c00000, 0x0000000082c00000, 0x0000000082d00000|  0%| F|  |TAMS 0x0000000082c00000, 0x0000000082c00000| Untracked 
|  17|0x0000000082d00000, 0x0000000082d00000, 0x0000000082e00000|  0%| F|  |TAMS 0x0000000082d00000, 0x0000000082d00000| Untracked 
|  18|0x0000000082e00000, 0x0000000082e00000, 0x0000000082f00000|  0%| F|  |TAMS 0x0000000082e00000, 0x0000000082e00000| Untracked 
|  19|0x0000000082f00000, 0x0000000082f00000, 0x0000000083000000|  0%| F|  |TAMS 0x0000000082f00000, 0x0000000082f00000| Untracked 
|  20|0x0000000083000000, 0x0000000083000000, 0x0000000083100000|  0%| F|  |TAMS 0x0000000083000000, 0x0000000083000000| Untracked 
|  21|0x0000000083100000, 0x0000000083100000, 0x0000000083200000|  0%| F|  |TAMS 0x0000000083100000, 0x0000000083100000| Untracked 
|  22|0x0000000083200000, 0x0000000083200000, 0x0000000083300000|  0%| F|  |TAMS 0x0000000083200000, 0x0000000083200000| Untracked 
|  23|0x0000000083300000, 0x0000000083300000, 0x0000000083400000|  0%| F|  |TAMS 0x0000000083300000, 0x0000000083300000| Untracked 
|  24|0x0000000083400000, 0x0000000083400000, 0x0000000083500000|  0%| F|  |TAMS 0x0000000083400000, 0x0000000083400000| Untracked 
|  25|0x0000000083500000, 0x0000000083500000, 0x0000000083600000|  0%| F|  |TAMS 0x0000000083500000, 0x0000000083500000| Untracked 
|  26|0x0000000083600000, 0x0000000083600000, 0x0000000083700000|  0%| F|  |TAMS 0x0000000083600000, 0x0000000083600000| Untracked 
|  27|0x0000000083700000, 0x0000000083700000, 0x0000000083800000|  0%| F|  |TAMS 0x0000000083700000, 0x0000000083700000| Untracked 
|  28|0x0000000083800000, 0x0000000083800000, 0x0000000083900000|  0%| F|  |TAMS 0x0000000083800000, 0x0000000083800000| Untracked 
|  29|0x0000000083900000, 0x0000000083900000, 0x0000000083a00000|  0%| F|  |TAMS 0x0000000083900000, 0x0000000083900000| Untracked 
|  30|0x0000000083a00000, 0x0000000083a00000, 0x0000000083b00000|  0%| F|  |TAMS 0x0000000083a00000, 0x0000000083a00000| Untracked 
|  31|0x0000000083b00000, 0x0000000083b00000, 0x0000000083c00000|  0%| F|  |TAMS 0x0000000083b00000, 0x0000000083b00000| Untracked 
|  32|0x0000000083c00000, 0x0000000083c00000, 0x0000000083d00000|  0%| F|  |TAMS 0x0000000083c00000, 0x0000000083c00000| Untracked 
|  33|0x0000000083d00000, 0x0000000083d00000, 0x0000000083e00000|  0%| F|  |TAMS 0x0000000083d00000, 0x0000000083d00000| Untracked 
|  34|0x0000000083e00000, 0x0000000083e00000, 0x0000000083f00000|  0%| F|  |TAMS 0x0000000083e00000, 0x0000000083e00000| Untracked 
|  35|0x0000000083f00000, 0x0000000083f00000, 0x0000000084000000|  0%| F|  |TAMS 0x0000000083f00000, 0x0000000083f00000| Untracked 
|  36|0x0000000084000000, 0x0000000084000000, 0x0000000084100000|  0%| F|  |TAMS 0x0000000084000000, 0x0000000084000000| Untracked 
|  37|0x0000000084100000, 0x0000000084100000, 0x0000000084200000|  0%| F|  |TAMS 0x0000000084100000, 0x0000000084100000| Untracked 
|  38|0x0000000084200000, 0x0000000084200000, 0x0000000084300000|  0%| F|  |TAMS 0x0000000084200000, 0x0000000084200000| Untracked 
|  39|0x0000000084300000, 0x0000000084300000, 0x0000000084400000|  0%| F|  |TAMS 0x0000000084300000, 0x0000000084300000| Untracked 
|  40|0x0000000084400000, 0x0000000084400000, 0x0000000084500000|  0%| F|  |TAMS 0x0000000084400000, 0x0000000084400000| Untracked 
|  41|0x0000000084500000, 0x0000000084500000, 0x0000000084600000|  0%| F|  |TAMS 0x0000000084500000, 0x0000000084500000| Untracked 
|  42|0x0000000084600000, 0x0000000084600000, 0x0000000084700000|  0%| F|  |TAMS 0x0000000084600000, 0x0000000084600000| Untracked 
|  43|0x0000000084700000, 0x0000000084700000, 0x0000000084800000|  0%| F|  |TAMS 0x0000000084700000, 0x0000000084700000| Untracked 
|  44|0x0000000084800000, 0x0000000084800000, 0x0000000084900000|  0%| F|  |TAMS 0x0000000084800000, 0x0000000084800000| Untracked 
|  45|0x0000000084900000, 0x0000000084900000, 0x0000000084a00000|  0%| F|  |TAMS 0x0000000084900000, 0x0000000084900000| Untracked 
|  46|0x0000000084a00000, 0x0000000084a00000, 0x0000000084b00000|  0%| F|  |TAMS 0x0000000084a00000, 0x0000000084a00000| Untracked 
|  47|0x0000000084b00000, 0x0000000084b00000, 0x0000000084c00000|  0%| F|  |TAMS 0x0000000084b00000, 0x0000000084b00000| Untracked 
|  48|0x0000000084c00000, 0x0000000084c00000, 0x0000000084d00000|  0%| F|  |TAMS 0x0000000084c00000, 0x0000000084c00000| Untracked 
|  49|0x0000000084d00000, 0x0000000084d00000, 0x0000000084e00000|  0%| F|  |TAMS 0x0000000084d00000, 0x0000000084d00000| Untracked 
|  50|0x0000000084e00000, 0x0000000084e00000, 0x0000000084f00000|  0%| F|  |TAMS 0x0000000084e00000, 0x0000000084e00000| Untracked 
|  51|0x0000000084f00000, 0x0000000084f00000, 0x0000000085000000|  0%| F|  |TAMS 0x0000000084f00000, 0x0000000084f00000| Untracked 
|  52|0x0000000085000000, 0x0000000085000000, 0x0000000085100000|  0%| F|  |TAMS 0x0000000085000000, 0x0000000085000000| Untracked 
|  53|0x0000000085100000, 0x0000000085100000, 0x0000000085200000|  0%| F|  |TAMS 0x0000000085100000, 0x0000000085100000| Untracked 
|  54|0x0000000085200000, 0x0000000085200000, 0x0000000085300000|  0%| F|  |TAMS 0x0000000085200000, 0x0000000085200000| Untracked 
|  55|0x0000000085300000, 0x0000000085300000, 0x0000000085400000|  0%| F|  |TAMS 0x0000000085300000, 0x0000000085300000| Untracked 
|  56|0x0000000085400000, 0x0000000085400000, 0x0000000085500000|  0%| F|  |TAMS 0x0000000085400000, 0x0000000085400000| Untracked 
|  57|0x0000000085500000, 0x0000000085500000, 0x0000000085600000|  0%| F|  |TAMS 0x0000000085500000, 0x0000000085500000| Untracked 
|  58|0x0000000085600000, 0x0000000085600000, 0x0000000085700000|  0%| F|  |TAMS 0x0000000085600000, 0x0000000085600000| Untracked 
|  59|0x0000000085700000, 0x0000000085700000, 0x0000000085800000|  0%| F|  |TAMS 0x0000000085700000, 0x0000000085700000| Untracked 
|  60|0x0000000085800000, 0x0000000085800000, 0x0000000085900000|  0%| F|  |TAMS 0x0000000085800000, 0x0000000085800000| Untracked 
|  61|0x0000000085900000, 0x0000000085900000, 0x0000000085a00000|  0%| F|  |TAMS 0x0000000085900000, 0x0000000085900000| Untracked 
|  62|0x0000000085a00000, 0x0000000085a00000, 0x0000000085b00000|  0%| F|  |TAMS 0x0000000085a00000, 0x0000000085a00000| Untracked 
|  63|0x0000000085b00000, 0x0000000085b00000, 0x0000000085c00000|  0%| F|  |TAMS 0x0000000085b00000, 0x0000000085b00000| Untracked 
|  64|0x0000000085c00000, 0x0000000085c00000, 0x0000000085d00000|  0%| F|  |TAMS 0x0000000085c00000, 0x0000000085c00000| Untracked 
|  65|0x0000000085d00000, 0x0000000085d00000, 0x0000000085e00000|  0%| F|  |TAMS 0x0000000085d00000, 0x0000000085d00000| Untracked 
|  66|0x0000000085e00000, 0x0000000085e00000, 0x0000000085f00000|  0%| F|  |TAMS 0x0000000085e00000, 0x0000000085e00000| Untracked 
|  67|0x0000000085f00000, 0x0000000085f00000, 0x0000000086000000|  0%| F|  |TAMS 0x0000000085f00000, 0x0000000085f00000| Untracked 
|  68|0x0000000086000000, 0x0000000086000000, 0x0000000086100000|  0%| F|  |TAMS 0x0000000086000000, 0x0000000086000000| Untracked 
|  69|0x0000000086100000, 0x0000000086100000, 0x0000000086200000|  0%| F|  |TAMS 0x0000000086100000, 0x0000000086100000| Untracked 
|  70|0x0000000086200000, 0x0000000086200000, 0x0000000086300000|  0%| F|  |TAMS 0x0000000086200000, 0x0000000086200000| Untracked 
|  71|0x0000000086300000, 0x0000000086300000, 0x0000000086400000|  0%| F|  |TAMS 0x0000000086300000, 0x0000000086300000| Untracked 
|  72|0x0000000086400000, 0x0000000086400000, 0x0000000086500000|  0%| F|  |TAMS 0x0000000086400000, 0x0000000086400000| Untracked 
|  73|0x0000000086500000, 0x0000000086500000, 0x0000000086600000|  0%| F|  |TAMS 0x0000000086500000, 0x0000000086500000| Untracked 
|  74|0x0000000086600000, 0x0000000086600000, 0x0000000086700000|  0%| F|  |TAMS 0x0000000086600000, 0x0000000086600000| Untracked 
|  75|0x0000000086700000, 0x0000000086700000, 0x0000000086800000|  0%| F|  |TAMS 0x0000000086700000, 0x0000000086700000| Untracked 
|  76|0x0000000086800000, 0x0000000086800000, 0x0000000086900000|  0%| F|  |TAMS 0x0000000086800000, 0x0000000086800000| Untracked 
|  77|0x0000000086900000, 0x0000000086900000, 0x0000000086a00000|  0%| F|  |TAMS 0x0000000086900000, 0x0000000086900000| Untracked 
|  78|0x0000000086a00000, 0x0000000086a00000, 0x0000000086b00000|  0%| F|  |TAMS 0x0000000086a00000, 0x0000000086a00000| Untracked 
|  79|0x0000000086b00000, 0x0000000086b00000, 0x0000000086c00000|  0%| F|  |TAMS 0x0000000086b00000, 0x0000000086b00000| Untracked 
|  80|0x0000000086c00000, 0x0000000086c00000, 0x0000000086d00000|  0%| F|  |TAMS 0x0000000086c00000, 0x0000000086c00000| Untracked 
|  81|0x0000000086d00000, 0x0000000086d00000, 0x0000000086e00000|  0%| F|  |TAMS 0x0000000086d00000, 0x0000000086d00000| Untracked 
|  82|0x0000000086e00000, 0x0000000086e00000, 0x0000000086f00000|  0%| F|  |TAMS 0x0000000086e00000, 0x0000000086e00000| Untracked 
|  83|0x0000000086f00000, 0x0000000086f00000, 0x0000000087000000|  0%| F|  |TAMS 0x0000000086f00000, 0x0000000086f00000| Untracked 
|  84|0x0000000087000000, 0x0000000087000000, 0x0000000087100000|  0%| F|  |TAMS 0x0000000087000000, 0x0000000087000000| Untracked 
|  85|0x0000000087100000, 0x0000000087100000, 0x0000000087200000|  0%| F|  |TAMS 0x0000000087100000, 0x0000000087100000| Untracked 
|  86|0x0000000087200000, 0x0000000087200000, 0x0000000087300000|  0%| F|  |TAMS 0x0000000087200000, 0x0000000087200000| Untracked 
|  87|0x0000000087300000, 0x0000000087300000, 0x0000000087400000|  0%| F|  |TAMS 0x0000000087300000, 0x0000000087300000| Untracked 
|  88|0x0000000087400000, 0x0000000087400000, 0x0000000087500000|  0%| F|  |TAMS 0x0000000087400000, 0x0000000087400000| Untracked 
|  89|0x0000000087500000, 0x0000000087500000, 0x0000000087600000|  0%| F|  |TAMS 0x0000000087500000, 0x0000000087500000| Untracked 
|  90|0x0000000087600000, 0x0000000087600000, 0x0000000087700000|  0%| F|  |TAMS 0x0000000087600000, 0x0000000087600000| Untracked 
|  91|0x0000000087700000, 0x0000000087700000, 0x0000000087800000|  0%| F|  |TAMS 0x0000000087700000, 0x0000000087700000| Untracked 
|  92|0x0000000087800000, 0x0000000087800000, 0x0000000087900000|  0%| F|  |TAMS 0x0000000087800000, 0x0000000087800000| Untracked 
|  93|0x0000000087900000, 0x0000000087900000, 0x0000000087a00000|  0%| F|  |TAMS 0x0000000087900000, 0x0000000087900000| Untracked 
|  94|0x0000000087a00000, 0x0000000087a00000, 0x0000000087b00000|  0%| F|  |TAMS 0x0000000087a00000, 0x0000000087a00000| Untracked 
|  95|0x0000000087b00000, 0x0000000087bdd228, 0x0000000087c00000| 86%| S|CS|TAMS 0x0000000087b00000, 0x0000000087b00000| Complete 
|  96|0x0000000087c00000, 0x0000000087d00000, 0x0000000087d00000|100%| S|CS|TAMS 0x0000000087c00000, 0x0000000087c00000| Complete 
|  97|0x0000000087d00000, 0x0000000087d00000, 0x0000000087e00000|  0%| F|  |TAMS 0x0000000087d00000, 0x0000000087d00000| Untracked 
|  98|0x0000000087e00000, 0x0000000087e00000, 0x0000000087f00000|  0%| F|  |TAMS 0x0000000087e00000, 0x0000000087e00000| Untracked 
|  99|0x0000000087f00000, 0x0000000087f00000, 0x0000000088000000|  0%| F|  |TAMS 0x0000000087f00000, 0x0000000087f00000| Untracked 
| 100|0x0000000088000000, 0x0000000088000000, 0x0000000088100000|  0%| F|  |TAMS 0x0000000088000000, 0x0000000088000000| Untracked 
| 101|0x0000000088100000, 0x0000000088100000, 0x0000000088200000|  0%| F|  |TAMS 0x0000000088100000, 0x0000000088100000| Untracked 
| 102|0x0000000088200000, 0x0000000088200000, 0x0000000088300000|  0%| F|  |TAMS 0x0000000088200000, 0x0000000088200000| Untracked 
| 103|0x0000000088300000, 0x0000000088300000, 0x0000000088400000|  0%| F|  |TAMS 0x0000000088300000, 0x0000000088300000| Untracked 
| 104|0x0000000088400000, 0x0000000088400000, 0x0000000088500000|  0%| F|  |TAMS 0x0000000088400000, 0x0000000088400000| Untracked 
| 105|0x0000000088500000, 0x0000000088500000, 0x0000000088600000|  0%| F|  |TAMS 0x0000000088500000, 0x0000000088500000| Untracked 
| 106|0x0000000088600000, 0x0000000088600000, 0x0000000088700000|  0%| F|  |TAMS 0x0000000088600000, 0x0000000088600000| Untracked 
| 107|0x0000000088700000, 0x0000000088700000, 0x0000000088800000|  0%| F|  |TAMS 0x0000000088700000, 0x0000000088700000| Untracked 
| 108|0x0000000088800000, 0x0000000088800000, 0x0000000088900000|  0%| F|  |TAMS 0x0000000088800000, 0x0000000088800000| Untracked 
| 109|0x0000000088900000, 0x0000000088900000, 0x0000000088a00000|  0%| F|  |TAMS 0x0000000088900000, 0x0000000088900000| Untracked 
| 110|0x0000000088a00000, 0x0000000088a00000, 0x0000000088b00000|  0%| F|  |TAMS 0x0000000088a00000, 0x0000000088a00000| Untracked 
| 111|0x0000000088b00000, 0x0000000088b00000, 0x0000000088c00000|  0%| F|  |TAMS 0x0000000088b00000, 0x0000000088b00000| Untracked 
| 112|0x0000000088c00000, 0x0000000088c00000, 0x0000000088d00000|  0%| F|  |TAMS 0x0000000088c00000, 0x0000000088c00000| Untracked 
| 113|0x0000000088d00000, 0x0000000088d00000, 0x0000000088e00000|  0%| F|  |TAMS 0x0000000088d00000, 0x0000000088d00000| Untracked 
| 114|0x0000000088e00000, 0x0000000088e00000, 0x0000000088f00000|  0%| F|  |TAMS 0x0000000088e00000, 0x0000000088e00000| Untracked 
| 115|0x0000000088f00000, 0x0000000088f00000, 0x0000000089000000|  0%| F|  |TAMS 0x0000000088f00000, 0x0000000088f00000| Untracked 
| 116|0x0000000089000000, 0x0000000089000000, 0x0000000089100000|  0%| F|  |TAMS 0x0000000089000000, 0x0000000089000000| Untracked 
| 117|0x0000000089100000, 0x0000000089100000, 0x0000000089200000|  0%| F|  |TAMS 0x0000000089100000, 0x0000000089100000| Untracked 
| 118|0x0000000089200000, 0x0000000089200000, 0x0000000089300000|  0%| F|  |TAMS 0x0000000089200000, 0x0000000089200000| Untracked 
| 119|0x0000000089300000, 0x0000000089300000, 0x0000000089400000|  0%| F|  |TAMS 0x0000000089300000, 0x0000000089300000| Untracked 
| 120|0x0000000089400000, 0x0000000089400000, 0x0000000089500000|  0%| F|  |TAMS 0x0000000089400000, 0x0000000089400000| Untracked 
| 121|0x0000000089500000, 0x0000000089500000, 0x0000000089600000|  0%| F|  |TAMS 0x0000000089500000, 0x0000000089500000| Untracked 
| 122|0x0000000089600000, 0x0000000089600000, 0x0000000089700000|  0%| F|  |TAMS 0x0000000089600000, 0x0000000089600000| Untracked 
| 123|0x0000000089700000, 0x0000000089700000, 0x0000000089800000|  0%| F|  |TAMS 0x0000000089700000, 0x0000000089700000| Untracked 
| 124|0x0000000089800000, 0x0000000089800000, 0x0000000089900000|  0%| F|  |TAMS 0x0000000089800000, 0x0000000089800000| Untracked 
| 125|0x0000000089900000, 0x0000000089900000, 0x0000000089a00000|  0%| F|  |TAMS 0x0000000089900000, 0x0000000089900000| Untracked 
| 126|0x0000000089a00000, 0x0000000089a00000, 0x0000000089b00000|  0%| F|  |TAMS 0x0000000089a00000, 0x0000000089a00000| Untracked 
| 127|0x0000000089b00000, 0x0000000089b00000, 0x0000000089c00000|  0%| F|  |TAMS 0x0000000089b00000, 0x0000000089b00000| Untracked 

Card table byte_map: [0x0000022b72060000,0x0000022b72460000] _byte_map_base: 0x0000022b71c52000

Marking Bits (Prev, Next): (CMBitMap*) 0x0000022b5a7684e0, (CMBitMap*) 0x0000022b5a768520
 Prev Bits: [0x0000022b72860000, 0x0000022b747f0000)
 Next Bits: [0x0000022b747f0000, 0x0000022b76780000)

Polling page: 0x0000022b58530000

Metaspace:

Usage:
  Non-class:      9.23 MB capacity,     9.09 MB ( 98%) used,   119.98 KB (  1%) free+waste,    22.13 KB ( <1%) overhead. 
      Class:      1.49 MB capacity,     1.39 MB ( 93%) used,    92.09 KB (  6%) free+waste,    10.44 KB ( <1%) overhead. 
       Both:     10.72 MB capacity,    10.48 MB ( 98%) used,   212.07 KB (  2%) free+waste,    32.56 KB ( <1%) overhead. 

Virtual space:
  Non-class space:       18.00 MB reserved,       9.25 MB ( 51%) committed 
      Class space:        1.00 GB reserved,       1.50 MB ( <1%) committed 
             Both:        1.02 GB reserved,      10.75 MB (  1%) committed 

Chunk freelists:
   Non-Class:  19.00 KB
       Class:  15.00 KB
        Both:  34.00 KB

MaxMetaspaceSize: 17179869184.00 GB
CompressedClassSpaceSize: 1.00 GB

CodeHeap 'non-profiled nmethods': size=238336Kb used=2559Kb max_used=2559Kb free=235776Kb
 bounds [0x0000022b63070000, 0x0000022b632f0000, 0x0000022b71930000]
CodeHeap 'non-nmethods': size=7424Kb used=1200Kb max_used=1200Kb free=6224Kb
 bounds [0x0000022b62930000, 0x0000022b62ba0000, 0x0000022b63070000]
 total_blobs=2239 nmethods=1774 adapters=392
 compilation: disabled (not enough contiguous free space left)
              stopped_count=1, restarted_count=0
 full_count=1

Compilation events (20 events):
Event: 1.181 Thread 0x0000022b791e24f0 1766       1       java.util.stream.AbstractPipeline::<init> (91 bytes)
Event: 1.182 Thread 0x0000022b791e24f0 nmethod 1766 0x0000022b632ebc10 code [0x0000022b632ebde0, 0x0000022b632ec158]
Event: 1.182 Thread 0x0000022b791e24f0 1767       1       java.util.Spliterators$ArraySpliterator::characteristics (5 bytes)
Event: 1.182 Thread 0x0000022b791e24f0 nmethod 1767 0x0000022b632ec290 code [0x0000022b632ec420, 0x0000022b632ec4d8]
Event: 1.182 Thread 0x0000022b791e24f0 1768       1       java.lang.invoke.DirectMethodHandle$Constructor::<init> (44 bytes)
Event: 1.182 Thread 0x0000022b791e24f0 nmethod 1768 0x0000022b632ec590 code [0x0000022b632ec740, 0x0000022b632ec8c8]
Event: 1.182 Thread 0x0000022b791e24f0 1771       1       org.springframework.boot.context.properties.source.SpringIterableConfigurationPropertySource$Mappings::updateMappings (261 bytes)
Event: 1.185 Thread 0x0000022b791e24f0 nmethod 1771 0x0000022b632ec990 code [0x0000022b632ecca0, 0x0000022b632edbe8]
Event: 1.185 Thread 0x0000022b791e24f0 1776       1       org.springframework.boot.context.properties.source.ConfigurationPropertyName$Elements::canShortcutWithSource (74 bytes)
Event: 1.185 Thread 0x0000022b791e24f0 nmethod 1776 0x0000022b632ee410 code [0x0000022b632ee5c0, 0x0000022b632ee798]
Event: 1.185 Thread 0x0000022b791e24f0 1773       1       org.springframework.boot.context.properties.bind.MapBinder$$Lambda$235/0x0000000800c8d6d0::test (12 bytes)
Event: 1.185 Thread 0x0000022b791e24f0 nmethod 1773 0x0000022b632ee910 code [0x0000022b632eeac0, 0x0000022b632eec98]
Event: 1.186 Thread 0x0000022b791e24f0 1779       1       org.springframework.util.ConcurrentReferenceHashMap::clear (32 bytes)
Event: 1.186 Thread 0x0000022b791e24f0 nmethod 1779 0x0000022b632eee90 code [0x0000022b632ef020, 0x0000022b632ef148]
Event: 1.186 Thread 0x0000022b791e24f0 1769   !   1       org.springframework.boot.context.properties.source.SpringIterableConfigurationPropertySource$Mappings::updateMappings (46 bytes)
Event: 1.186 Thread 0x0000022b791e24f0 nmethod 1769 0x0000022b632ef290 code [0x0000022b632ef440, 0x0000022b632ef618]
Event: 1.186 Thread 0x0000022b791e24f0 1785       1       org.springframework.boot.context.properties.source.ConfigurationPropertyName::equals (86 bytes)
Event: 1.187 Thread 0x0000022b791e24f0 nmethod 1785 0x0000022b632ef790 code [0x0000022b632ef980, 0x0000022b632efd58]
Event: 1.187 Thread 0x0000022b791e24f0 1793       1       java.util.stream.AbstractPipeline::wrapSink (37 bytes)
Event: 1.189 Thread 0x0000022b791e24f0 


GC Heap History (6 events):
Event: 0.795 GC heap before
{Heap before GC invocations=0 (full 0):
 garbage-first heap   total 131072K, used 23552K [0x0000000081c00000, 0x0000000100000000)
  region size 1024K, 23 young (23552K), 0 survivors (0K)
 Metaspace       used 6769K, capacity 6980K, committed 7040K, reserved 1056768K
  class space    used 807K, capacity 871K, committed 896K, reserved 1048576K
}
Event: 0.802 GC heap after
{Heap after GC invocations=1 (full 0):
 garbage-first heap   total 131072K, used 7291K [0x0000000081c00000, 0x0000000100000000)
  region size 1024K, 3 young (3072K), 3 survivors (3072K)
 Metaspace       used 6769K, capacity 6980K, committed 7040K, reserved 1056768K
  class space    used 807K, capacity 871K, committed 896K, reserved 1048576K
}
Event: 0.811 GC heap before
{Heap before GC invocations=1 (full 0):
 garbage-first heap   total 131072K, used 32891K [0x0000000081c00000, 0x0000000100000000)
  region size 1024K, 29 young (29696K), 3 survivors (3072K)
 Metaspace       used 6769K, capacity 6980K, committed 7040K, reserved 1056768K
  class space    used 807K, capacity 871K, committed 896K, reserved 1048576K
}
Event: 0.815 GC heap after
{Heap after GC invocations=2 (full 0):
 garbage-first heap   total 131072K, used 7401K [0x0000000081c00000, 0x0000000100000000)
  region size 1024K, 1 young (1024K), 1 survivors (1024K)
 Metaspace       used 6769K, capacity 6980K, committed 7040K, reserved 1056768K
  class space    used 807K, capacity 871K, committed 896K, reserved 1048576K
}
Event: 1.192 GC heap before
{Heap before GC invocations=2 (full 0):
 garbage-first heap   total 131072K, used 36073K [0x0000000081c00000, 0x0000000100000000)
  region size 1024K, 31 young (31744K), 1 survivors (1024K)
 Metaspace       used 10729K, capacity 10974K, committed 11008K, reserved 1064960K
  class space    used 1418K, capacity 1521K, committed 1536K, reserved 1048576K
}
Event: 1.198 GC heap after
{Heap after GC invocations=3 (full 0):
 garbage-first heap   total 131072K, used 9247K [0x0000000081c00000, 0x0000000100000000)
  region size 1024K, 2 young (2048K), 2 survivors (2048K)
 Metaspace       used 10729K, capacity 10974K, committed 11008K, reserved 1064960K
  class space    used 1418K, capacity 1521K, committed 1536K, reserved 1048576K
}

Deoptimization events (0 events):
No events

Classes unloaded (0 events):
No events

Classes redefined (0 events):
No events

Internal exceptions (20 events):
Event: 0.956 Thread 0x0000022b7a49e2e0 Exception <a 'java/lang/NoSuchMethodError'{0x0000000088b040d0}: 'void java.lang.invoke.DirectMethodHandle$Holder.invokeStatic(java.lang.Object, java.lang.Object, java.lang.Object, java.lang.Object)'> (0x0000000088b040d0) 
thrown [./open/src/hotspot/share/interpreter/linkResolver.cpp, line 782]
Event: 0.958 Thread 0x0000022b7a49e2e0 Exception <a 'java/lang/NoSuchMethodError'{0x0000000088b1cf00}: 'java.lang.Object java.lang.invoke.Invokers$Holder.invokeExact_MT(java.lang.Object, java.lang.Object, java.lang.Object, java.lang.Object, java.lang.Object, java.lang.Object)'> (0x0000000088b1cf00) 
thrown [./open/src/hotspot/share/interpreter/linkResolver.cpp, line 782]
Event: 0.962 Thread 0x0000022b7a49e2e0 Exception <a 'java/lang/NoSuchMethodError'{0x0000000088b38270}: 'java.lang.Object java.lang.invoke.DirectMethodHandle$Holder.invokeInterface(java.lang.Object, java.lang.Object, java.lang.Object)'> (0x0000000088b38270) 
thrown [./open/src/hotspot/share/interpreter/linkResolver.cpp, line 782]
Event: 0.962 Thread 0x0000022b7a49e2e0 Exception <a 'java/lang/IncompatibleClassChangeError'{0x0000000088b3bb08}: Found class java.lang.Object, but interface was expected> (0x0000000088b3bb08) 
thrown [./open/src/hotspot/share/interpreter/linkResolver.cpp, line 848]
Event: 0.984 Thread 0x0000022b7a49e2e0 Exception <a 'java/lang/NoSuchMethodError'{0x0000000088a36d78}: 'int java.lang.invoke.DirectMethodHandle$Holder.invokeSpecial(java.lang.Object, java.lang.Object, java.lang.Object, java.lang.Object)'> (0x0000000088a36d78) 
thrown [./open/src/hotspot/share/interpreter/linkResolver.cpp, line 782]
Event: 1.009 Thread 0x0000022b7a49e2e0 Exception <a 'java/lang/NoSuchMethodError'{0x000000008897b6a0}: 'java.lang.Object java.lang.invoke.DirectMethodHandle$Holder.newInvokeSpecial(java.lang.Object, java.lang.Object, java.lang.Object, java.lang.Object, java.lang.Object, java.lang.Object)'> (0x000000008897b6a0) 
thrown [./open/src/hotspot/share/interpreter/linkResolver.cpp, line 782]
Event: 1.028 Thread 0x0000022b7a49e2e0 Exception <a 'java/lang/NoSuchMethodError'{0x000000008882fbc8}: 'java.lang.Object java.lang.invoke.DirectMethodHandle$Holder.invokeSpecial(java.lang.Object, java.lang.Object, java.lang.Object, java.lang.Object, java.lang.Object, java.lang.Object, int)'> (0x000000008882fbc8) 
thrown [./open/src/hotspot/share/interpreter/linkResolver.cpp, line 782]
Event: 1.029 Thread 0x0000022b7a49e2e0 Exception <a 'java/lang/NoSuchMethodError'{0x000000008883b238}: 'java.lang.Object java.lang.invoke.DirectMethodHandle$Holder.newInvokeSpecial(java.lang.Object, java.lang.Object, java.lang.Object, java.lang.Object, java.lang.Object, java.lang.Object, int)'> (0x000000008883b238) 
thrown [./open/src/hotspot/share/interpreter/linkResolver.cpp, line 782]
Event: 1.029 Thread 0x0000022b7a49e2e0 Exception <a 'java/lang/NoSuchMethodError'{0x0000000088840380}: 'java.lang.Object java.lang.invoke.DirectMethodHandle$Holder.invokeSpecial(java.lang.Object, java.lang.Object, java.lang.Object, java.lang.Object, java.lang.Object, java.lang.Object, java.lang.Object, int)'> (0x0000000088840380) 
thrown [./open/src/hotspot/share/interpreter/linkResolver.cpp, line 782]
Event: 1.084 Thread 0x0000022b7a5c53b0 Exception <a 'java/lang/NoSuchMethodError'{0x00000000885eb3a0}: static [B.<clinit>()V> (0x00000000885eb3a0) 
thrown [./open/src/hotspot/share/prims/jni.cpp, line 1204]
Event: 1.089 Thread 0x0000022b7a49e2e0 Exception <a 'java/lang/NoSuchMethodError'{0x00000000884f2ae8}: 'void java.lang.invoke.DirectMethodHandle$Holder.invokeInterface(java.lang.Object, java.lang.Object, java.lang.Object)'> (0x00000000884f2ae8) 
thrown [./open/src/hotspot/share/interpreter/linkResolver.cpp, line 782]
Event: 1.094 Thread 0x0000022b7a5c53b0 Exception <a 'java/lang/ClassNotFoundException'{0x000000008830d8b0}: javax/management/remote/rmi/RMIConnectionImpl_Skel> (0x000000008830d8b0) 
thrown [./open/src/hotspot/share/classfile/systemDictionary.cpp, line 295]
Event: 1.094 Thread 0x0000022b7a516b90 Exception <a 'java/lang/NoSuchMethodError'{0x000000008839ebe8}: 'java.lang.Object java.lang.invoke.Invokers$Holder.linkToTargetMethod(java.lang.Object, long, java.lang.Object)'> (0x000000008839ebe8) 
thrown [./open/src/hotspot/share/interpreter/linkResolver.cpp, line 782]
Event: 1.106 Thread 0x0000022b7a5c53b0 Exception <a 'java/lang/reflect/InvocationTargetException'{0x0000000088344990}> (0x0000000088344990) 
thrown [./open/src/hotspot/share/runtime/reflection.cpp, line 1157]
Event: 1.110 Thread 0x0000022b7a49e2e0 Exception <a 'java/lang/NoSuchMethodError'{0x0000000088293e58}: 'java.lang.Object java.lang.invoke.DirectMethodHandle$Holder.invokeStatic(java.lang.Object, java.lang.Object, int)'> (0x0000000088293e58) 
thrown [./open/src/hotspot/share/interpreter/linkResolver.cpp, line 782]
Event: 1.110 Thread 0x0000022b7a5c53b0 Exception <a 'java/lang/NoSuchMethodError'{0x0000000088366028}: static [Ljava/lang/StackTraceElement;.<clinit>()V> (0x0000000088366028) 
thrown [./open/src/hotspot/share/prims/jni.cpp, line 1204]
Event: 1.111 Thread 0x0000022b7a49e2e0 Exception <a 'java/lang/NoSuchMethodError'{0x000000008829fff8}: 'void java.lang.invoke.DelegatingMethodHandle$Holder.delegate(java.lang.Object, java.lang.Object, int, java.lang.Object)'> (0x000000008829fff8) 
thrown [./open/src/hotspot/share/interpreter/linkResolver.cpp, line 782]
Event: 1.140 Thread 0x0000022b7a49e2e0 Exception <a 'java/lang/NoSuchMethodError'{0x00000000881c0cc8}: 'void java.lang.invoke.DirectMethodHandle$Holder.invokeStatic(java.lang.Object, java.lang.Object, int)'> (0x00000000881c0cc8) 
thrown [./open/src/hotspot/share/interpreter/linkResolver.cpp, line 782]
Event: 1.181 Thread 0x0000022b7a49e2e0 Exception <a 'java/lang/NoSuchMethodError'{0x0000000087f76710}: 'void java.lang.invoke.DirectMethodHandle$Holder.invokeSpecial(java.lang.Object, java.lang.Object, java.lang.Object, java.lang.Object, java.lang.Object)'> (0x0000000087f76710) 
thrown [./open/src/hotspot/share/interpreter/linkResolver.cpp, line 782]
Event: 1.189 Thread 0x0000022b7a518870 Exception <a 'java/lang/NoClassDefFoundError'{0x0000000087d17c58}: javax/validation/Validation> (0x0000000087d17c58) 
thrown [./open/src/hotspot/share/classfile/systemDictionary.cpp, line 284]

Events (20 events):
Event: 1.140 loading class java/util/function/IntUnaryOperator done
Event: 1.140 loading class java/util/stream/IntPipeline$4
Event: 1.140 loading class java/util/stream/IntPipeline$4 done
Event: 1.141 loading class java/util/stream/ForEachOps$ForEachOp$OfInt
Event: 1.141 loading class java/util/stream/ForEachOps$ForEachOp$OfInt done
Event: 1.141 loading class java/util/stream/IntPipeline$4$1
Event: 1.141 loading class java/util/stream/IntPipeline$4$1 done
Event: 1.141 loading class java/util/RegularEnumSet$EnumSetIterator
Event: 1.141 loading class java/util/RegularEnumSet$EnumSetIterator done
Event: 1.145 loading class java/nio/file/attribute/PosixFilePermission
Event: 1.145 loading class java/nio/file/attribute/PosixFilePermission done
Event: 1.161 loading class java/util/Stack
Event: 1.161 loading class java/util/Stack done
Event: 1.161 loading class java/util/Vector$Itr
Event: 1.161 loading class java/util/Vector$Itr done
Event: 1.180 Loaded shared library C:\Users\Computer.DESKTOP-CL6K2EO\.jdks\openjdk-15.0.1\bin\java.dll
Event: 1.184 Thread 0x0000022b7a518870 Thread added: 0x0000022b7a518870
Event: 1.190 loading class java/net/MalformedURLException
Event: 1.190 loading class java/net/MalformedURLException done
Event: 1.192 Executing VM operation: CollectForMetadataAllocation


Dynamic libraries:
0x00007ff6c6ad0000 - 0x00007ff6c6add000 	C:\Users\Computer.DESKTOP-CL6K2EO\.jdks\openjdk-15.0.1\bin\java.exe
0x00007ffb730a0000 - 0x00007ffb73290000 	C:\WINDOWS\SYSTEM32\ntdll.dll
0x00007ffb71150000 - 0x00007ffb71202000 	C:\WINDOWS\System32\KERNEL32.DLL
0x00007ffb70150000 - 0x00007ffb703f5000 	C:\WINDOWS\System32\KERNELBASE.dll
0x00007ffb71050000 - 0x00007ffb7114a000 	C:\WINDOWS\System32\ucrtbase.dll
0x00007ffb6dcf0000 - 0x00007ffb6dd08000 	C:\Users\Computer.DESKTOP-CL6K2EO\.jdks\openjdk-15.0.1\bin\jli.dll
0x00007ffb6b0c0000 - 0x00007ffb6b0d9000 	C:\Users\Computer.DESKTOP-CL6K2EO\.jdks\openjdk-15.0.1\bin\VCRUNTIME140.dll
0x00007ffb718d0000 - 0x00007ffb71a64000 	C:\WINDOWS\System32\USER32.dll
0x00007ffb70010000 - 0x00007ffb70031000 	C:\WINDOWS\System32\win32u.dll
0x00007ffb5cee0000 - 0x00007ffb5d164000 	C:\WINDOWS\WinSxS\amd64_microsoft.windows.common-controls_6595b64144ccf1df_6.0.18362.1256_none_9e7e379be45e40e2\COMCTL32.dll
0x00007ffb73030000 - 0x00007ffb73056000 	C:\WINDOWS\System32\GDI32.dll
0x00007ffb72090000 - 0x00007ffb7212e000 	C:\WINDOWS\System32\msvcrt.dll
0x00007ffb70400000 - 0x00007ffb70596000 	C:\WINDOWS\System32\gdi32full.dll
0x00007ffb70680000 - 0x00007ffb7071e000 	C:\WINDOWS\System32\msvcp_win.dll
0x00007ffb71590000 - 0x00007ffb718c6000 	C:\WINDOWS\System32\combase.dll
0x00007ffb71af0000 - 0x00007ffb71c10000 	C:\WINDOWS\System32\RPCRT4.dll
0x00007ffb70040000 - 0x00007ffb700c1000 	C:\WINDOWS\System32\bcryptPrimitives.dll
0x00007ffb72f80000 - 0x00007ffb72fae000 	C:\WINDOWS\System32\IMM32.DLL
0x00007ffb6c180000 - 0x00007ffb6c18c000 	C:\Users\Computer.DESKTOP-CL6K2EO\.jdks\openjdk-15.0.1\bin\vcruntime140_1.dll
0x00007ffb61fd0000 - 0x00007ffb62061000 	C:\Users\Computer.DESKTOP-CL6K2EO\.jdks\openjdk-15.0.1\bin\msvcp140.dll
0x00007ffb3d340000 - 0x00007ffb3de9e000 	C:\Users\Computer.DESKTOP-CL6K2EO\.jdks\openjdk-15.0.1\bin\server\jvm.dll
0x00007ffb72820000 - 0x00007ffb728c3000 	C:\WINDOWS\System32\ADVAPI32.dll
0x00007ffb72ee0000 - 0x00007ffb72f77000 	C:\WINDOWS\System32\sechost.dll
0x00007ffb72e70000 - 0x00007ffb72e78000 	C:\WINDOWS\System32\PSAPI.DLL
0x00007ffb6db70000 - 0x00007ffb6db94000 	C:\WINDOWS\SYSTEM32\WINMM.dll
0x00007ffb69930000 - 0x00007ffb6993a000 	C:\WINDOWS\SYSTEM32\VERSION.dll
0x00007ffb6da60000 - 0x00007ffb6da8d000 	C:\WINDOWS\SYSTEM32\WINMMBASE.dll
0x00007ffb71000000 - 0x00007ffb7104a000 	C:\WINDOWS\System32\cfgmgr32.dll
0x00007ffb6c600000 - 0x00007ffb6c609000 	C:\WINDOWS\SYSTEM32\WSOCK32.dll
0x00007ffb72d30000 - 0x00007ffb72d9f000 	C:\WINDOWS\System32\WS2_32.dll
0x00007ffb6ffa0000 - 0x00007ffb6ffb1000 	C:\WINDOWS\System32\kernel.appcore.dll
0x00007ffb6b150000 - 0x00007ffb6b15a000 	C:\Users\Computer.DESKTOP-CL6K2EO\.jdks\openjdk-15.0.1\bin\jimage.dll
0x00007ffb6e6b0000 - 0x00007ffb6e8a4000 	C:\WINDOWS\SYSTEM32\DBGHELP.DLL
0x00007ffb59320000 - 0x00007ffb5934a000 	C:\WINDOWS\SYSTEM32\dbgcore.DLL
0x00007ffb6aca0000 - 0x00007ffb6acae000 	C:\Users\Computer.DESKTOP-CL6K2EO\.jdks\openjdk-15.0.1\bin\instrument.dll
0x00007ffb6ada0000 - 0x00007ffb6adc5000 	C:\Users\Computer.DESKTOP-CL6K2EO\.jdks\openjdk-15.0.1\bin\java.dll
0x00007ffb72130000 - 0x00007ffb72817000 	C:\WINDOWS\System32\SHELL32.dll
0x00007ffb72c80000 - 0x00007ffb72d29000 	C:\WINDOWS\System32\shcore.dll
0x00007ffb70870000 - 0x00007ffb70ff1000 	C:\WINDOWS\System32\windows.storage.dll
0x00007ffb6ffe0000 - 0x00007ffb70003000 	C:\WINDOWS\System32\profapi.dll
0x00007ffb6ff50000 - 0x00007ffb6ff9a000 	C:\WINDOWS\System32\powrprof.dll
0x00007ffb6ff40000 - 0x00007ffb6ff50000 	C:\WINDOWS\System32\UMPDC.dll
0x00007ffb71230000 - 0x00007ffb71282000 	C:\WINDOWS\System32\shlwapi.dll
0x00007ffb700d0000 - 0x00007ffb700e7000 	C:\WINDOWS\System32\cryptsp.dll
0x00007ffb62290000 - 0x00007ffb622a8000 	C:\Users\Computer.DESKTOP-CL6K2EO\.jdks\openjdk-15.0.1\bin\zip.dll
0x00007ffb67780000 - 0x00007ffb67799000 	C:\Users\Computer.DESKTOP-CL6K2EO\.jdks\openjdk-15.0.1\bin\net.dll
0x00007ffb5fd20000 - 0x00007ffb5fe10000 	C:\WINDOWS\SYSTEM32\WINHTTP.dll
0x00007ffb6f6e0000 - 0x00007ffb6f747000 	C:\WINDOWS\system32\mswsock.dll
0x00007ffb67760000 - 0x00007ffb67772000 	C:\Users\Computer.DESKTOP-CL6K2EO\.jdks\openjdk-15.0.1\bin\nio.dll
0x00007ffb61fa0000 - 0x00007ffb61fba000 	E:\UngDung\IntelliJ IDEA 2020.3\bin\breakgen64.dll
0x00007ffb6f440000 - 0x00007ffb6f50b000 	C:\WINDOWS\SYSTEM32\DNSAPI.dll
0x00007ffb72080000 - 0x00007ffb72088000 	C:\WINDOWS\System32\NSI.dll
0x00007ffb6f400000 - 0x00007ffb6f43a000 	C:\WINDOWS\SYSTEM32\IPHLPAPI.DLL
0x00007ffb64cd0000 - 0x00007ffb64cda000 	C:\Windows\System32\rasadhlp.dll
0x00007ffb66b80000 - 0x00007ffb66bf7000 	C:\WINDOWS\System32\fwpuclnt.dll
0x00007ffb70650000 - 0x00007ffb70676000 	C:\WINDOWS\System32\bcrypt.dll
0x00007ffb62260000 - 0x00007ffb62269000 	C:\Users\Computer.DESKTOP-CL6K2EO\.jdks\openjdk-15.0.1\bin\management.dll
0x00007ffb61fc0000 - 0x00007ffb61fcb000 	C:\Users\Computer.DESKTOP-CL6K2EO\.jdks\openjdk-15.0.1\bin\management_ext.dll
0x00007ffb6f260000 - 0x00007ffb6f293000 	C:\WINDOWS\system32\rsaenh.dll
0x00007ffb6fe20000 - 0x00007ffb6fe45000 	C:\WINDOWS\SYSTEM32\USERENV.dll
0x00007ffb6f860000 - 0x00007ffb6f86c000 	C:\WINDOWS\SYSTEM32\CRYPTBASE.dll
0x00007ffb67560000 - 0x00007ffb67576000 	C:\WINDOWS\SYSTEM32\dhcpcsvc6.DLL
0x00007ffb674f0000 - 0x00007ffb6750c000 	C:\WINDOWS\SYSTEM32\dhcpcsvc.DLL
0x00007ffb5dfd0000 - 0x00007ffb5dfe6000 	C:\WINDOWS\system32\napinsp.dll
0x00007ffb5dfb0000 - 0x00007ffb5dfca000 	C:\WINDOWS\system32\pnrpnsp.dll
0x00007ffb5dfa0000 - 0x00007ffb5dfae000 	C:\WINDOWS\System32\winrnr.dll
0x00007ffb6c130000 - 0x00007ffb6c14c000 	C:\WINDOWS\system32\NLAapi.dll
0x00007ffb5df80000 - 0x00007ffb5df95000 	C:\WINDOWS\system32\wshbth.dll

dbghelp: loaded successfully - version: 4.0.5 - missing functions: none
symbol engine: initialized successfully - sym options: 0x614 - pdb path: .;C:\Users\Computer.DESKTOP-CL6K2EO\.jdks\openjdk-15.0.1\bin;C:\WINDOWS\SYSTEM32;C:\WINDOWS\WinSxS\amd64_microsoft.windows.common-controls_6595b64144ccf1df_6.0.18362.1256_none_9e7e379be45e40e2;C:\Users\Computer.DESKTOP-CL6K2EO\.jdks\openjdk-15.0.1\bin\server;E:\UngDung\IntelliJ IDEA 2020.3\bin

VM Arguments:
jvm_args: -XX:TieredStopAtLevel=1 -Xverify:none -Dspring.output.ansi.enabled=always -javaagent:E:\UngDung\IntelliJ IDEA 2020.3\lib\idea_rt.jar=50904:E:\UngDung\IntelliJ IDEA 2020.3\bin -Dcom.sun.management.jmxremote -Dspring.jmx.enabled=true -Dspring.liveBeansView.mbeanDomain -Dspring.application.admin.enabled=true -Dfile.encoding=UTF-8 
java_command: com.example.demo.DemoApplication
java_class_path (initial): E:\Techmaster\namtien97.github.io\java_spring_boot_b7\target\classes;C:\Users\Computer.DESKTOP-CL6K2EO\.m2\repository\org\springframework\boot\spring-boot-starter-data-jpa\2.4.1\spring-boot-starter-data-jpa-2.4.1.jar;C:\Users\Computer.DESKTOP-CL6K2EO\.m2\repository\org\springframework\boot\spring-boot-starter-aop\2.4.1\spring-boot-starter-aop-2.4.1.jar;C:\Users\Computer.DESKTOP-CL6K2EO\.m2\repository\org\springframework\spring-aop\5.3.2\spring-aop-5.3.2.jar;C:\Users\Computer.DESKTOP-CL6K2EO\.m2\repository\org\aspectj\aspectjweaver\1.9.6\aspectjweaver-1.9.6.jar;C:\Users\Computer.DESKTOP-CL6K2EO\.m2\repository\org\springframework\boot\spring-boot-starter-jdbc\2.4.1\spring-boot-starter-jdbc-2.4.1.jar;C:\Users\Computer.DESKTOP-CL6K2EO\.m2\repository\com\zaxxer\HikariCP\3.4.5\HikariCP-3.4.5.jar;C:\Users\Computer.DESKTOP-CL6K2EO\.m2\repository\org\springframework\spring-jdbc\5.3.2\spring-jdbc-5.3.2.jar;C:\Users\Computer.DESKTOP-CL6K2EO\.m2\repository\jakarta\transaction\jakarta.transaction-api\1.3.3\jakarta.transaction-api-1.3.3.jar;C:\Users\Computer.DESKTOP-CL6K2EO\.m2\repository\jakarta\persistence\jakarta.persistence-api\2.2.3\jakarta.persistence-api-2.2.3.jar;C:\Users\Computer.DESKTOP-CL6K2EO\.m2\repository\org\hibernate\hibernate-core\5.4.25.Final\hibernate-core-5.4.25.Final.jar;C:\Users\Computer.DESKTOP-CL6K2EO\.m2\repository\org\jboss\logging\jboss-logging\3.4.1.Final\jboss-logging-3.4.1.Final.jar;C:\Users\Computer.DESKTOP-CL6K2EO\.m2\repository\org\javassist\javassist\3.27.0-GA\javassist-3.27.0-GA.jar;C:\Users\Computer.DESKTOP-CL6K2EO\.m2\repository\net\bytebuddy\byte-buddy\1.10.18\byte-buddy-1.10.18.jar;C:\Users\Computer.DESKTOP-CL6K2EO\.m2\repository\antlr\antlr\2.7.7\antlr-2.7.7.jar;C:\Users\Computer.DESKTOP-CL6K2EO\.m2\repository\org\jboss\jandex\2.1.3.Final\jandex-2.1.3.Final.jar;C:\Users\Computer.DESKTOP-CL6K2EO\.m2\repository\com\fasterxml\classmate\1.5.1\classmate-1.5.1.jar;C:\Users\Computer.DESKTOP-CL6K2EO\.m2\repository\org\d
Launcher Type: SUN_STANDARD

[Global flags]
     intx CICompilerCount                          = 4                                         {product} {ergonomic}
     uint ConcGCThreads                            = 2                                         {product} {ergonomic}
     uint G1ConcRefinementThreads                  = 8                                         {product} {ergonomic}
   size_t G1HeapRegionSize                         = 1048576                                   {product} {ergonomic}
    uintx GCDrainStackTargetSize                   = 64                                        {product} {ergonomic}
   size_t InitialHeapSize                          = 134217728                                 {product} {ergonomic}
     bool ManagementServer                         = true                                      {product} {command line}
   size_t MarkStackSize                            = 4194304                                   {product} {ergonomic}
   size_t MaxHeapSize                              = 2118123520                                {product} {ergonomic}
   size_t MaxNewSize                               = 1270874112                                {product} {ergonomic}
   size_t MinHeapDeltaBytes                        = 1048576                                   {product} {ergonomic}
   size_t MinHeapSize                              = 8388608                                   {product} {ergonomic}
    uintx NonNMethodCodeHeapSize                   = 7549744                                {pd product} {ergonomic}
    uintx NonProfiledCodeHeapSize                  = 244108496                              {pd product} {ergonomic}
    uintx ProfiledCodeHeapSize                     = 0                                      {pd product} {ergonomic}
    uintx ReservedCodeCacheSize                    = 251658240                              {pd product} {ergonomic}
     bool SegmentedCodeCache                       = true                                      {product} {ergonomic}
   size_t SoftMaxHeapSize                          = 2118123520                             {manageable} {ergonomic}
     intx TieredStopAtLevel                        = 1                                         {product} {command line}
     bool UseCompressedClassPointers               = true                                 {lp64_product} {ergonomic}
     bool UseCompressedOops                        = true                                 {lp64_product} {ergonomic}
     bool UseG1GC                                  = true                                      {product} {ergonomic}
     bool UseLargePagesIndividualAllocation        = false                                  {pd product} {ergonomic}

Logging:
Log output configuration:
 #0: stdout all=warning uptime,level,tags
 #1: stderr all=off uptime,level,tags

Environment Variables:
JAVA_HOME=C:\Users\Computer.DESKTOP-CL6K2EO\.jdks\openjdk-15.0.1
PATH=C:\Program Files\Java\jdk1.8.0_261\bin;E:\Techmaster\Java\kit_moitruong_hoc_jsp_servlet\file_cai_dat\apache-maven-3.6.0\bin;C:\Program Files\AdoptOpenJDK\jdk-14.0.2.12-hotspot\bin;C:\Program Files (x86)\Common Files\Oracle\Java\javapath;C:\Python38\Scripts\;C:\Python38\;C:\Program Files (x86)\NVIDIA Corporation\PhysX\Common;C:\WINDOWS\system32;C:\WINDOWS;C:\WINDOWS\System32\Wbem;C:\WINDOWS\System32\WindowsPowerShell\v1.0\;C:\WINDOWS\System32\OpenSSH\;E:\UngDung\Git\cmd;C:\Program Files\nodejs\;C:\ProgramData\chocolatey\bin;C:\Program Files\MongoDB\Server\4.2\bin;;C:\Program Files\Docker\Docker\resources\bin;C:\ProgramData\DockerDesktop\version-bin;C:\Program Files\MySQL\MySQL Shell 8.0\bin\;C:\Program Files\MongoDB\Server\4.2\bin;C:\Users\Computer.DESKTOP-CL6K2EO\AppData\Local\Microsoft\WindowsApps;E:\UngDung\Microsoft VS Code\bin;C:\Users\Computer.DESKTOP-CL6K2EO\AppData\Local\GitHubDesktop\bin;C:\Users\Computer.DESKTOP-CL6K2EO\AppData\Roaming\npm;;%USERPROFILE%\AppData\Local\Microsoft\WindowsApps
USERNAME=Computer
OS=Windows_NT
PROCESSOR_IDENTIFIER=Intel64 Family 6 Model 158 Stepping 10, GenuineIntel



---------------  S Y S T E M  ---------------

OS:
 Windows 10 , 64 bit Build 18362 (10.0.18362.1110)
OS uptime: 14 days 2:47 hours
HyperV virtualization detected

CPU: total 8 (initial active 8) (4 cores per cpu, 2 threads per core) family 6 model 158 stepping 10 microcode 0xb4, cmov, cx8, fxsr, mmx, sse, sse2, sse3, ssse3, sse4.1, sse4.2, popcnt, vzeroupper, avx, avx2, aes, clmul, erms, 3dnowpref, lzcnt, ht, tsc, tscinvbit, bmi1, bmi2, adx, fma, clflush, clflushopt

Memory: 4k page, system-wide physical 8072M (943M free)
TotalPageFile size 12168M (AvailPageFile size 244M)
current process WorkingSet (physical memory assigned to process): 93M, peak: 93M
current process commit charge ("private bytes"): 229M, peak: 230M

vm_info: OpenJDK 64-Bit Server VM (15.0.1+9-18) for windows-amd64 JRE (15.0.1+9-18), built on Sep 15 2020 14:39:31 by "mach5one" with unknown MS VC++:1925

END.
