#
# There is insufficient memory for the Java Runtime Environment to continue.
# Native memory allocation (mmap) failed to map 134217728 bytes for G1 virtual space
# Possible reasons:
#   The system is out of physical RAM or swap space
#   The process is running with CompressedOops enabled, and the Java Heap may be blocking the growth of the native heap
# Possible solutions:
#   Reduce memory load on the system
#   Increase physical memory or swap space
#   Check if swap backing store is full
#   Decrease Java heap size (-Xmx/-Xms)
#   Decrease number of Java threads
#   Decrease Java thread stack sizes (-Xss)
#   Set larger code cache with -XX:ReservedCodeCacheSize=
#   JVM is running with Unscaled Compressed Oops mode in which the Java heap is
#     placed in the first 4GB address space. The Java Heap base address is the
#     maximum limit for the native heap growth. Please use -XX:HeapBaseMinAddress
#     to set the Java Heap base and to place the Java Heap above 4GB virtual address.
# This output file may be truncated or incomplete.
#
#  Out of Memory Error (./open/src/hotspot/os/windows/os_windows.cpp:3472), pid=11260, tid=10288
#
# JRE version:  (15.0.1+9) (build )
# Java VM: OpenJDK 64-Bit Server VM (15.0.1+9-18, mixed mode, sharing, tiered, compressed oops, g1 gc, windows-amd64)
# No core dump will be written. Minidumps are not enabled by default on client versions of Windows
#

---------------  S U M M A R Y ------------

Command Line: -Dspring.lsp.client-port=45556 -Dserver.port=45556 -Dsts.lsp.client=vscode -Dsts.log.file=/dev/null -XX:TieredStopAtLevel=1 -Dspring.config.location=file:c:\Users\Computer.DESKTOP-CL6K2EO\.vscode\extensions\pivotal.vscode-spring-boot-1.24.0\language-server\BOOT-INF\classes\application.properties org.springframework.ide.vscode.boot.app.BootLanguagServerBootApp

Host: Intel(R) Core(TM) i5-9300H CPU @ 2.40GHz, 8 cores, 7G,  Windows 10 , 64 bit Build 18362 (10.0.18362.1316)
Time: Fri Jan 15 21:39:54 2021 SE Asia Standard Time elapsed time: 0.039150 seconds (0d 0h 0m 0s)

---------------  T H R E A D  ---------------

Current thread (0x000001e72d3ea570):  JavaThread "Unknown thread" [_thread_in_vm, id=10288, stack(0x0000004805000000,0x0000004805100000)]

Stack: [0x0000004805000000,0x0000004805100000]
Native frames: (J=compiled Java code, j=interpreted, Vv=VM code, C=native code)
V  [jvm.dll+0x62ae9a]
V  [jvm.dll+0x781389]
V  [jvm.dll+0x782ae3]
V  [jvm.dll+0x783143]
V  [jvm.dll+0x216265]
V  [jvm.dll+0x6281d9]
V  [jvm.dll+0x61cd15]
V  [jvm.dll+0x2d01fd]
V  [jvm.dll+0x2d0062]
V  [jvm.dll+0x2d603c]
V  [jvm.dll+0x325b2a]
V  [jvm.dll+0x3251f4]
V  [jvm.dll+0x2a717a]
V  [jvm.dll+0x2a8318]
V  [jvm.dll+0x75e101]
V  [jvm.dll+0x3343e4]
V  [jvm.dll+0x73e826]
V  [jvm.dll+0x3b7777]
V  [jvm.dll+0x3b9201]
C  [jli.dll+0x52fb]
C  [ucrtbase.dll+0x210b2]
C  [KERNEL32.DLL+0x17c24]
C  [ntdll.dll+0x6d4d1]


---------------  P R O C E S S  ---------------

Threads class SMR info:
_java_thread_list=0x00007ffb7c3c4ff0, length=0, elements={
}

Java Threads: ( => current thread )

Other Threads:
  0x000001e72d427e70 GCTaskThread "GC Thread#0" [stack: 0x0000004805100000,0x0000004805200000] [id=4844]
  0x000001e72d43acf0 ConcurrentGCThread "G1 Main Marker" [stack: 0x0000004805200000,0x0000004805300000] [id=15036]
  0x000001e72d43b870 ConcurrentGCThread "G1 Conc#0" [stack: 0x0000004805300000,0x0000004805400000] [id=4580]

[error occurred during error reporting (printing all threads), id 0xc0000005, EXCEPTION_ACCESS_VIOLATION (0xc0000005) at pc=0x00007ffb7bbb8047]

VM state: not at safepoint (not fully initialized)

VM Mutex/Monitor currently owned by a thread:  ([mutex/lock_event])
[0x000001e72d3e5480] Heap_lock - owner thread: 0x000001e72d3ea570

Heap address: 0x0000000081c00000, size: 2020 MB, Compressed Oops mode: 32-bit
CDS archive(s) mapped at: [0x0000000000000000-0x0000000000000000-0x0000000000000000), size 0, SharedBaseAddress: 0x0000000800000000, ArchiveRelocationMode: 0.
Narrow klass base: 0x0000000000000000, Narrow klass shift: 0, Narrow klass range: 0x0

Heap:
 garbage-first heap   total 131072K, used 0K [0x0000000081c00000, 0x0000000100000000)
  region size 1024K, 0 young (0K), 0 survivors (0K)
 Metaspace       used 0K, capacity 0K, committed 0K, reserved 0K
  class space    used 0K, capacity 0K, committed 0K, reserved 0K

Heap Regions: E=young(eden), S=young(survivor), O=old, HS=humongous(starts), HC=humongous(continues), CS=collection set, F=free, OA=open archive, CA=closed archive, TAMS=top-at-mark-start (previous, next)

Card table byte_map: [0x000001e744d30000,0x000001e745130000] _byte_map_base: 0x000001e744922000

Marking Bits (Prev, Next): (CMBitMap*) 0x000001e72d42a610, (CMBitMap*) 0x000001e72d42a650
 Prev Bits: [0x000001e745530000, 0x000001e7474c0000)
 Next Bits: [0x000001e7474c0000, 0x000001e749450000)

GC Heap History (0 events):
No events

Deoptimization events (0 events):
No events

Classes unloaded (0 events):
No events

Classes redefined (0 events):
No events

Internal exceptions (0 events):
No events

Events (1 events):
Event: 0.022 Loaded shared library C:\Users\Computer.DESKTOP-CL6K2EO\.jdks\openjdk-15.0.1\bin\java.dll


Dynamic libraries:
0x00007ff6f61b0000 - 0x00007ff6f61bd000 	C:\Users\Computer.DESKTOP-CL6K2EO\.jdks\openjdk-15.0.1\bin\java.exe
0x00007ffbb69e0000 - 0x00007ffbb6bd0000 	C:\WINDOWS\SYSTEM32\ntdll.dll
0x00007ffbb54d0000 - 0x00007ffbb5582000 	C:\WINDOWS\System32\KERNEL32.DLL
0x00007ffbb44b0000 - 0x00007ffbb4755000 	C:\WINDOWS\System32\KERNELBASE.dll
0x00007ffbb4390000 - 0x00007ffbb448a000 	C:\WINDOWS\System32\ucrtbase.dll
0x00007ffbaef30000 - 0x00007ffbaef48000 	C:\Users\Computer.DESKTOP-CL6K2EO\.jdks\openjdk-15.0.1\bin\jli.dll
0x00007ffbb4a90000 - 0x00007ffbb4c24000 	C:\WINDOWS\System32\USER32.dll
0x00007ffbb3960000 - 0x00007ffbb3981000 	C:\WINDOWS\System32\win32u.dll
0x00007ffbb5410000 - 0x00007ffbb5436000 	C:\WINDOWS\System32\GDI32.dll
0x00007ffbb3a70000 - 0x00007ffbb3c08000 	C:\WINDOWS\System32\gdi32full.dll
0x00007ffbb4790000 - 0x00007ffbb482e000 	C:\WINDOWS\System32\msvcp_win.dll
0x00007ffbaef80000 - 0x00007ffbaef99000 	C:\Users\Computer.DESKTOP-CL6K2EO\.jdks\openjdk-15.0.1\bin\VCRUNTIME140.dll
0x00007ffb9ac50000 - 0x00007ffb9aed4000 	C:\WINDOWS\WinSxS\amd64_microsoft.windows.common-controls_6595b64144ccf1df_6.0.18362.1316_none_9e7a364fe461dbd7\COMCTL32.dll
0x00007ffbb5610000 - 0x00007ffbb56ae000 	C:\WINDOWS\System32\msvcrt.dll
0x00007ffbb6380000 - 0x00007ffbb66b7000 	C:\WINDOWS\System32\combase.dll
0x00007ffbb5790000 - 0x00007ffbb58af000 	C:\WINDOWS\System32\RPCRT4.dll
0x00007ffbb3990000 - 0x00007ffbb3a11000 	C:\WINDOWS\System32\bcryptPrimitives.dll
0x00007ffbb56b0000 - 0x00007ffbb56de000 	C:\WINDOWS\System32\IMM32.DLL
0x00007ffbaef60000 - 0x00007ffbaef6c000 	C:\Users\Computer.DESKTOP-CL6K2EO\.jdks\openjdk-15.0.1\bin\vcruntime140_1.dll
0x00007ffbac090000 - 0x00007ffbac121000 	C:\Users\Computer.DESKTOP-CL6K2EO\.jdks\openjdk-15.0.1\bin\msvcp140.dll
0x00007ffb7b900000 - 0x00007ffb7c45e000 	C:\Users\Computer.DESKTOP-CL6K2EO\.jdks\openjdk-15.0.1\bin\server\jvm.dll
0x00007ffbb62d0000 - 0x00007ffbb6373000 	C:\WINDOWS\System32\ADVAPI32.dll
0x00007ffbb5a30000 - 0x00007ffbb5ac7000 	C:\WINDOWS\System32\sechost.dll
0x00007ffbb5100000 - 0x00007ffbb5108000 	C:\WINDOWS\System32\PSAPI.DLL
0x00007ffbac380000 - 0x00007ffbac389000 	C:\WINDOWS\SYSTEM32\WSOCK32.dll
0x00007ffbb55a0000 - 0x00007ffbb560f000 	C:\WINDOWS\System32\WS2_32.dll
0x00007ffbb1360000 - 0x00007ffbb1384000 	C:\WINDOWS\SYSTEM32\WINMM.dll
0x00007ffbad480000 - 0x00007ffbad48a000 	C:\WINDOWS\SYSTEM32\VERSION.dll
0x00007ffbb1250000 - 0x00007ffbb127d000 	C:\WINDOWS\SYSTEM32\WINMMBASE.dll
0x00007ffbb3a20000 - 0x00007ffbb3a6a000 	C:\WINDOWS\System32\cfgmgr32.dll
0x00007ffbb38a0000 - 0x00007ffbb38b1000 	C:\WINDOWS\System32\kernel.appcore.dll
0x00007ffbaee70000 - 0x00007ffbaee7a000 	C:\Users\Computer.DESKTOP-CL6K2EO\.jdks\openjdk-15.0.1\bin\jimage.dll
0x00007ffbb2140000 - 0x00007ffbb2334000 	C:\WINDOWS\SYSTEM32\DBGHELP.DLL
0x00007ffba6760000 - 0x00007ffba678a000 	C:\WINDOWS\SYSTEM32\dbgcore.DLL
0x00007ffbaee40000 - 0x00007ffbaee65000 	C:\Users\Computer.DESKTOP-CL6K2EO\.jdks\openjdk-15.0.1\bin\java.dll

dbghelp: loaded successfully - version: 4.0.5 - missing functions: none
symbol engine: initialized successfully - sym options: 0x614 - pdb path: .;C:\Users\Computer.DESKTOP-CL6K2EO\.jdks\openjdk-15.0.1\bin;C:\WINDOWS\SYSTEM32;C:\WINDOWS\WinSxS\amd64_microsoft.windows.common-controls_6595b64144ccf1df_6.0.18362.1316_none_9e7a364fe461dbd7;C:\Users\Computer.DESKTOP-CL6K2EO\.jdks\openjdk-15.0.1\bin\server

VM Arguments:
jvm_args: -Dspring.lsp.client-port=45556 -Dserver.port=45556 -Dsts.lsp.client=vscode -Dsts.log.file=/dev/null -XX:TieredStopAtLevel=1 -Dspring.config.location=file:c:\Users\Computer.DESKTOP-CL6K2EO\.vscode\extensions\pivotal.vscode-spring-boot-1.24.0\language-server\BOOT-INF\classes\application.properties 
java_command: org.springframework.ide.vscode.boot.app.BootLanguagServerBootApp
java_class_path (initial): c:\Users\Computer.DESKTOP-CL6K2EO\.vscode\extensions\pivotal.vscode-spring-boot-1.24.0\language-server\BOOT-INF\classes;c:\Users\Computer.DESKTOP-CL6K2EO\.vscode\extensions\pivotal.vscode-spring-boot-1.24.0\language-server\BOOT-INF\lib\antlr4-runtime-4.5.3.jar;c:\Users\Computer.DESKTOP-CL6K2EO\.vscode\extensions\pivotal.vscode-spring-boot-1.24.0\language-server\BOOT-INF\lib\byte-buddy-1.10.18.jar;c:\Users\Computer.DESKTOP-CL6K2EO\.vscode\extensions\pivotal.vscode-spring-boot-1.24.0\language-server\BOOT-INF\lib\commons-codec-1.14.jar;c:\Users\Computer.DESKTOP-CL6K2EO\.vscode\extensions\pivotal.vscode-spring-boot-1.24.0\language-server\BOOT-INF\lib\commons-io-2.4.jar;c:\Users\Computer.DESKTOP-CL6K2EO\.vscode\extensions\pivotal.vscode-spring-boot-1.24.0\language-server\BOOT-INF\lib\commons-java-1.24.0-SNAPSHOT.jar;c:\Users\Computer.DESKTOP-CL6K2EO\.vscode\extensions\pivotal.vscode-spring-boot-1.24.0\language-server\BOOT-INF\lib\commons-lang3-3.10.jar;c:\Users\Computer.DESKTOP-CL6K2EO\.vscode\extensions\pivotal.vscode-spring-boot-1.24.0\language-server\BOOT-INF\lib\commons-language-server-1.24.0-SNAPSHOT.jar;c:\Users\Computer.DESKTOP-CL6K2EO\.vscode\extensions\pivotal.vscode-spring-boot-1.24.0\language-server\BOOT-INF\lib\commons-lsp-extensions-1.24.0-SNAPSHOT.jar;c:\Users\Computer.DESKTOP-CL6K2EO\.vscode\extensions\pivotal.vscode-spring-boot-1.24.0\language-server\BOOT-INF\lib\commons-util-1.24.0-SNAPSHOT.jar;c:\Users\Computer.DESKTOP-CL6K2EO\.vscode\extensions\pivotal.vscode-spring-boot-1.24.0\language-server\BOOT-INF\lib\commons-yaml-1.24.0-SNAPSHOT.jar;c:\Users\Computer.DESKTOP-CL6K2EO\.vscode\extensions\pivotal.vscode-spring-boot-1.24.0\language-server\BOOT-INF\lib\gson-2.8.6.jar;c:\Users\Computer.DESKTOP-CL6K2EO\.vscode\extensions\pivotal.vscode-spring-boot-1.24.0\language-server\BOOT-INF\lib\guava-19.0.jar;c:\Users\Computer.DESKTOP-CL6K2EO\.vscode\extensions\pivotal.vscode-spring-boot-1.24.0\language-server\BOOT-INF\lib\jakarta.annota
Launcher Type: SUN_STANDARD

[Global flags]
     intx CICompilerCount                          = 4                                         {product} {ergonomic}
     uint ConcGCThreads                            = 2                                         {product} {ergonomic}
     uint G1ConcRefinementThreads                  = 8                                         {product} {ergonomic}
   size_t G1HeapRegionSize                         = 1048576                                   {product} {ergonomic}
    uintx GCDrainStackTargetSize                   = 64                                        {product} {ergonomic}
   size_t InitialHeapSize                          = 134217728                                 {product} {ergonomic}
   size_t MarkStackSize                            = 4194304                                   {product} {ergonomic}
   size_t MaxHeapSize                              = 2118123520                                {product} {ergonomic}
   size_t MinHeapDeltaBytes                        = 1048576                                   {product} {ergonomic}
   size_t MinHeapSize                              = 8388608                                   {product} {ergonomic}
    uintx NonNMethodCodeHeapSize                   = 7549744                                {pd product} {ergonomic}
    uintx NonProfiledCodeHeapSize                  = 244108496                              {pd product} {ergonomic}
    uintx ProfiledCodeHeapSize                     = 0                                      {pd product} {ergonomic}
    uintx ReservedCodeCacheSize                    = 251658240                              {pd product} {ergonomic}
     bool SegmentedCodeCache                       = true                                      {product} {ergonomic}
   size_t SoftMaxHeapSize                          = 2118123520                             {manageable} {ergonomic}
     intx TieredStopAtLevel                        = 1                                         {product} {command line}
     bool UseCompressedClassPointers               = true                                 {lp64_product} {ergonomic}
     bool UseCompressedOops                        = true                                 {lp64_product} {ergonomic}
     bool UseG1GC                                  = true                                      {product} {ergonomic}
     bool UseLargePagesIndividualAllocation        = false                                  {pd product} {ergonomic}

Logging:
Log output configuration:
 #0: stdout all=warning uptime,level,tags
 #1: stderr all=off uptime,level,tags

Environment Variables:
JAVA_HOME=C:\Users\Computer.DESKTOP-CL6K2EO\.jdks\openjdk-15.0.1
PATH=C:\Users\Computer.DESKTOP-CL6K2EO\.jdks\openjdk-15.0.1\bin;E:\Techmaster\Java\kit_moitruong_hoc_jsp_servlet\file_cai_dat\apache-maven-3.6.0\bin;C:\Program Files\AdoptOpenJDK\jdk-14.0.2.12-hotspot\bin;C:\Program Files (x86)\Common Files\Oracle\Java\javapath;C:\Python38\Scripts\;C:\Python38\;C:\Program Files (x86)\NVIDIA Corporation\PhysX\Common;C:\WINDOWS\system32;C:\WINDOWS;C:\WINDOWS\System32\Wbem;C:\WINDOWS\System32\WindowsPowerShell\v1.0\;C:\WINDOWS\System32\OpenSSH\;E:\UngDung\Git\cmd;C:\Program Files\nodejs\;C:\ProgramData\chocolatey\bin;C:\Program Files\MongoDB\Server\4.2\bin;;C:\Program Files\Docker\Docker\resources\bin;C:\ProgramData\DockerDesktop\version-bin;C:\Program Files\MySQL\MySQL Shell 8.0\bin\;C:\Program Files\MongoDB\Server\4.2\bin;C:\Users\Computer.DESKTOP-CL6K2EO\AppData\Local\Microsoft\WindowsApps;E:\UngDung\Microsoft VS Code\bin;C:\Users\Computer.DESKTOP-CL6K2EO\AppData\Local\GitHubDesktop\bin;C:\Users\Computer.DESKTOP-CL6K2EO\AppData\Roaming\npm;;%USERPROFILE%\AppData\Local\Microsoft\WindowsApps
USERNAME=Computer
OS=Windows_NT
PROCESSOR_IDENTIFIER=Intel64 Family 6 Model 158 Stepping 10, GenuineIntel



---------------  S Y S T E M  ---------------

OS:
 Windows 10 , 64 bit Build 18362 (10.0.18362.1316)
OS uptime: 0 days 13:02 hours
HyperV virtualization detected

CPU: total 8 (initial active 8) (4 cores per cpu, 2 threads per core) family 6 model 158 stepping 10 microcode 0xb4, cmov, cx8, fxsr, mmx, sse, sse2, sse3, ssse3, sse4.1, sse4.2, popcnt, vzeroupper, avx, avx2, aes, clmul, erms, 3dnowpref, lzcnt, ht, tsc, tscinvbit, bmi1, bmi2, adx, fma, clflush, clflushopt

Memory: 4k page, system-wide physical 8072M (719M free)
TotalPageFile size 12168M (AvailPageFile size 115M)
current process WorkingSet (physical memory assigned to process): 10M, peak: 10M
current process commit charge ("private bytes"): 57M, peak: 185M

vm_info: OpenJDK 64-Bit Server VM (15.0.1+9-18) for windows-amd64 JRE (15.0.1+9-18), built on Sep 15 2020 14:39:31 by "mach5one" with unknown MS VC++:1925

END.
